Warning: Use of default value for --package is deprecated. Please add '--package ct256' to arguments.
Warning: IO 'trap' is unconstrained in PCF and will be automatically placed
Warning: IO 'reset' is unconstrained in PCF and will be automatically placed
Warning: IO 'imem_data[31]' is unconstrained in PCF and will be automatically placed
Warning: IO 'imem_data[30]' is unconstrained in PCF and will be automatically placed
Warning: IO 'imem_data[29]' is unconstrained in PCF and will be automatically placed
Warning: IO 'imem_data[28]' is unconstrained in PCF and will be automatically placed
Warning: IO 'imem_data[27]' is unconstrained in PCF and will be automatically placed
Warning: IO 'imem_data[26]' is unconstrained in PCF and will be automatically placed
Warning: IO 'imem_data[25]' is unconstrained in PCF and will be automatically placed
Warning: IO 'imem_data[24]' is unconstrained in PCF and will be automatically placed
Warning: IO 'imem_data[23]' is unconstrained in PCF and will be automatically placed
Warning: IO 'imem_data[22]' is unconstrained in PCF and will be automatically placed
Warning: IO 'imem_data[21]' is unconstrained in PCF and will be automatically placed
Warning: IO 'imem_data[20]' is unconstrained in PCF and will be automatically placed
Warning: IO 'imem_data[19]' is unconstrained in PCF and will be automatically placed
Warning: IO 'imem_data[18]' is unconstrained in PCF and will be automatically placed
Warning: IO 'imem_data[17]' is unconstrained in PCF and will be automatically placed
Warning: IO 'imem_data[16]' is unconstrained in PCF and will be automatically placed
Warning: IO 'imem_data[15]' is unconstrained in PCF and will be automatically placed
Warning: IO 'imem_data[14]' is unconstrained in PCF and will be automatically placed
Warning: IO 'imem_data[13]' is unconstrained in PCF and will be automatically placed
Warning: IO 'imem_data[12]' is unconstrained in PCF and will be automatically placed
Warning: IO 'imem_data[11]' is unconstrained in PCF and will be automatically placed
Warning: IO 'imem_data[10]' is unconstrained in PCF and will be automatically placed
Warning: IO 'imem_data[9]' is unconstrained in PCF and will be automatically placed
Warning: IO 'imem_data[8]' is unconstrained in PCF and will be automatically placed
Warning: IO 'imem_data[7]' is unconstrained in PCF and will be automatically placed
Warning: IO 'imem_data[6]' is unconstrained in PCF and will be automatically placed
Warning: IO 'imem_data[5]' is unconstrained in PCF and will be automatically placed
Warning: IO 'imem_data[4]' is unconstrained in PCF and will be automatically placed
Warning: IO 'imem_data[3]' is unconstrained in PCF and will be automatically placed
Warning: IO 'imem_data[2]' is unconstrained in PCF and will be automatically placed
Warning: IO 'imem_data[1]' is unconstrained in PCF and will be automatically placed
Warning: IO 'imem_data[0]' is unconstrained in PCF and will be automatically placed
Warning: IO 'imem_addr[31]' is unconstrained in PCF and will be automatically placed
Warning: IO 'imem_addr[30]' is unconstrained in PCF and will be automatically placed
Warning: IO 'imem_addr[29]' is unconstrained in PCF and will be automatically placed
Warning: IO 'imem_addr[28]' is unconstrained in PCF and will be automatically placed
Warning: IO 'imem_addr[27]' is unconstrained in PCF and will be automatically placed
Warning: IO 'imem_addr[26]' is unconstrained in PCF and will be automatically placed
Warning: IO 'imem_addr[25]' is unconstrained in PCF and will be automatically placed
Warning: IO 'imem_addr[24]' is unconstrained in PCF and will be automatically placed
Warning: IO 'imem_addr[23]' is unconstrained in PCF and will be automatically placed
Warning: IO 'imem_addr[22]' is unconstrained in PCF and will be automatically placed
Warning: IO 'imem_addr[21]' is unconstrained in PCF and will be automatically placed
Warning: IO 'imem_addr[20]' is unconstrained in PCF and will be automatically placed
Warning: IO 'imem_addr[19]' is unconstrained in PCF and will be automatically placed
Warning: IO 'imem_addr[18]' is unconstrained in PCF and will be automatically placed
Warning: IO 'imem_addr[17]' is unconstrained in PCF and will be automatically placed
Warning: IO 'imem_addr[16]' is unconstrained in PCF and will be automatically placed
Warning: IO 'imem_addr[15]' is unconstrained in PCF and will be automatically placed
Warning: IO 'imem_addr[14]' is unconstrained in PCF and will be automatically placed
Warning: IO 'imem_addr[13]' is unconstrained in PCF and will be automatically placed
Warning: IO 'imem_addr[12]' is unconstrained in PCF and will be automatically placed
Warning: IO 'imem_addr[11]' is unconstrained in PCF and will be automatically placed
Warning: IO 'imem_addr[10]' is unconstrained in PCF and will be automatically placed
Warning: IO 'imem_addr[9]' is unconstrained in PCF and will be automatically placed
Warning: IO 'imem_addr[8]' is unconstrained in PCF and will be automatically placed
Warning: IO 'imem_addr[7]' is unconstrained in PCF and will be automatically placed
Warning: IO 'imem_addr[6]' is unconstrained in PCF and will be automatically placed
Warning: IO 'imem_addr[5]' is unconstrained in PCF and will be automatically placed
Warning: IO 'imem_addr[4]' is unconstrained in PCF and will be automatically placed
Warning: IO 'imem_addr[3]' is unconstrained in PCF and will be automatically placed
Warning: IO 'imem_addr[2]' is unconstrained in PCF and will be automatically placed
Warning: IO 'imem_addr[1]' is unconstrained in PCF and will be automatically placed
Warning: IO 'imem_addr[0]' is unconstrained in PCF and will be automatically placed
Warning: IO 'dmem_wstrb[3]' is unconstrained in PCF and will be automatically placed
Warning: IO 'dmem_wstrb[2]' is unconstrained in PCF and will be automatically placed
Warning: IO 'dmem_wstrb[1]' is unconstrained in PCF and will be automatically placed
Warning: IO 'dmem_wstrb[0]' is unconstrained in PCF and will be automatically placed
Warning: IO 'dmem_wdata[31]' is unconstrained in PCF and will be automatically placed
Warning: IO 'dmem_wdata[30]' is unconstrained in PCF and will be automatically placed
Warning: IO 'dmem_wdata[29]' is unconstrained in PCF and will be automatically placed
Warning: IO 'dmem_wdata[28]' is unconstrained in PCF and will be automatically placed
Warning: IO 'dmem_wdata[27]' is unconstrained in PCF and will be automatically placed
Warning: IO 'dmem_wdata[26]' is unconstrained in PCF and will be automatically placed
Warning: IO 'dmem_wdata[25]' is unconstrained in PCF and will be automatically placed
Warning: IO 'dmem_wdata[24]' is unconstrained in PCF and will be automatically placed
Warning: IO 'dmem_wdata[23]' is unconstrained in PCF and will be automatically placed
Warning: IO 'dmem_wdata[22]' is unconstrained in PCF and will be automatically placed
Warning: IO 'dmem_wdata[21]' is unconstrained in PCF and will be automatically placed
Warning: IO 'dmem_wdata[20]' is unconstrained in PCF and will be automatically placed
Warning: IO 'dmem_wdata[19]' is unconstrained in PCF and will be automatically placed
Warning: IO 'dmem_wdata[18]' is unconstrained in PCF and will be automatically placed
Warning: IO 'dmem_wdata[17]' is unconstrained in PCF and will be automatically placed
Warning: IO 'dmem_wdata[16]' is unconstrained in PCF and will be automatically placed
Warning: IO 'dmem_wdata[15]' is unconstrained in PCF and will be automatically placed
Warning: IO 'dmem_wdata[14]' is unconstrained in PCF and will be automatically placed
Warning: IO 'dmem_wdata[13]' is unconstrained in PCF and will be automatically placed
Warning: IO 'dmem_wdata[12]' is unconstrained in PCF and will be automatically placed
Warning: IO 'dmem_wdata[11]' is unconstrained in PCF and will be automatically placed
Warning: IO 'dmem_wdata[10]' is unconstrained in PCF and will be automatically placed
Warning: IO 'dmem_wdata[9]' is unconstrained in PCF and will be automatically placed
Warning: IO 'dmem_wdata[8]' is unconstrained in PCF and will be automatically placed
Warning: IO 'dmem_wdata[7]' is unconstrained in PCF and will be automatically placed
Warning: IO 'dmem_wdata[6]' is unconstrained in PCF and will be automatically placed
Warning: IO 'dmem_wdata[5]' is unconstrained in PCF and will be automatically placed
Warning: IO 'dmem_wdata[4]' is unconstrained in PCF and will be automatically placed
Warning: IO 'dmem_wdata[3]' is unconstrained in PCF and will be automatically placed
Warning: IO 'dmem_wdata[2]' is unconstrained in PCF and will be automatically placed
Warning: IO 'dmem_wdata[1]' is unconstrained in PCF and will be automatically placed
Warning: IO 'dmem_wdata[0]' is unconstrained in PCF and will be automatically placed
Warning: IO 'dmem_valid' is unconstrained in PCF and will be automatically placed
Warning: IO 'dmem_rdata[31]' is unconstrained in PCF and will be automatically placed
Warning: IO 'dmem_rdata[30]' is unconstrained in PCF and will be automatically placed
Warning: IO 'dmem_rdata[29]' is unconstrained in PCF and will be automatically placed
Warning: IO 'dmem_rdata[28]' is unconstrained in PCF and will be automatically placed
Warning: IO 'dmem_rdata[27]' is unconstrained in PCF and will be automatically placed
Warning: IO 'dmem_rdata[26]' is unconstrained in PCF and will be automatically placed
Warning: IO 'dmem_rdata[25]' is unconstrained in PCF and will be automatically placed
Warning: IO 'dmem_rdata[24]' is unconstrained in PCF and will be automatically placed
Warning: IO 'dmem_rdata[23]' is unconstrained in PCF and will be automatically placed
Warning: IO 'dmem_rdata[22]' is unconstrained in PCF and will be automatically placed
Warning: IO 'dmem_rdata[21]' is unconstrained in PCF and will be automatically placed
Warning: IO 'dmem_rdata[20]' is unconstrained in PCF and will be automatically placed
Warning: IO 'dmem_rdata[19]' is unconstrained in PCF and will be automatically placed
Warning: IO 'dmem_rdata[18]' is unconstrained in PCF and will be automatically placed
Warning: IO 'dmem_rdata[17]' is unconstrained in PCF and will be automatically placed
Warning: IO 'dmem_rdata[16]' is unconstrained in PCF and will be automatically placed
Warning: IO 'dmem_rdata[15]' is unconstrained in PCF and will be automatically placed
Warning: IO 'dmem_rdata[14]' is unconstrained in PCF and will be automatically placed
Warning: IO 'dmem_rdata[13]' is unconstrained in PCF and will be automatically placed
Warning: IO 'dmem_rdata[12]' is unconstrained in PCF and will be automatically placed
Warning: IO 'dmem_rdata[11]' is unconstrained in PCF and will be automatically placed
Warning: IO 'dmem_rdata[10]' is unconstrained in PCF and will be automatically placed
Warning: IO 'dmem_rdata[9]' is unconstrained in PCF and will be automatically placed
Warning: IO 'dmem_rdata[8]' is unconstrained in PCF and will be automatically placed
Warning: IO 'dmem_rdata[7]' is unconstrained in PCF and will be automatically placed
Warning: IO 'dmem_rdata[6]' is unconstrained in PCF and will be automatically placed
Warning: IO 'dmem_rdata[5]' is unconstrained in PCF and will be automatically placed
Warning: IO 'dmem_rdata[4]' is unconstrained in PCF and will be automatically placed
Warning: IO 'dmem_rdata[3]' is unconstrained in PCF and will be automatically placed
Warning: IO 'dmem_rdata[2]' is unconstrained in PCF and will be automatically placed
Warning: IO 'dmem_rdata[1]' is unconstrained in PCF and will be automatically placed
Warning: IO 'dmem_rdata[0]' is unconstrained in PCF and will be automatically placed
Warning: IO 'dmem_addr[31]' is unconstrained in PCF and will be automatically placed
Warning: IO 'dmem_addr[30]' is unconstrained in PCF and will be automatically placed
Warning: IO 'dmem_addr[29]' is unconstrained in PCF and will be automatically placed
Warning: IO 'dmem_addr[28]' is unconstrained in PCF and will be automatically placed
Warning: IO 'dmem_addr[27]' is unconstrained in PCF and will be automatically placed
Warning: IO 'dmem_addr[26]' is unconstrained in PCF and will be automatically placed
Warning: IO 'dmem_addr[25]' is unconstrained in PCF and will be automatically placed
Warning: IO 'dmem_addr[24]' is unconstrained in PCF and will be automatically placed
Warning: IO 'dmem_addr[23]' is unconstrained in PCF and will be automatically placed
Warning: IO 'dmem_addr[22]' is unconstrained in PCF and will be automatically placed
Warning: IO 'dmem_addr[21]' is unconstrained in PCF and will be automatically placed
Warning: IO 'dmem_addr[20]' is unconstrained in PCF and will be automatically placed
Warning: IO 'dmem_addr[19]' is unconstrained in PCF and will be automatically placed
Warning: IO 'dmem_addr[18]' is unconstrained in PCF and will be automatically placed
Warning: IO 'dmem_addr[17]' is unconstrained in PCF and will be automatically placed
Warning: IO 'dmem_addr[16]' is unconstrained in PCF and will be automatically placed
Warning: IO 'dmem_addr[15]' is unconstrained in PCF and will be automatically placed
Warning: IO 'dmem_addr[14]' is unconstrained in PCF and will be automatically placed
Warning: IO 'dmem_addr[13]' is unconstrained in PCF and will be automatically placed
Warning: IO 'dmem_addr[12]' is unconstrained in PCF and will be automatically placed
Warning: IO 'dmem_addr[11]' is unconstrained in PCF and will be automatically placed
Warning: IO 'dmem_addr[10]' is unconstrained in PCF and will be automatically placed
Warning: IO 'dmem_addr[9]' is unconstrained in PCF and will be automatically placed
Warning: IO 'dmem_addr[8]' is unconstrained in PCF and will be automatically placed
Warning: IO 'dmem_addr[7]' is unconstrained in PCF and will be automatically placed
Warning: IO 'dmem_addr[6]' is unconstrained in PCF and will be automatically placed
Warning: IO 'dmem_addr[5]' is unconstrained in PCF and will be automatically placed
Warning: IO 'dmem_addr[4]' is unconstrained in PCF and will be automatically placed
Warning: IO 'dmem_addr[3]' is unconstrained in PCF and will be automatically placed
Warning: IO 'dmem_addr[2]' is unconstrained in PCF and will be automatically placed
Warning: IO 'dmem_addr[1]' is unconstrained in PCF and will be automatically placed
Warning: IO 'dmem_addr[0]' is unconstrained in PCF and will be automatically placed
Warning: IO 'clock' is unconstrained in PCF and will be automatically placed

Info: Packing constants..
Info: Packing IOs..
Info: Packing LUT-FFs..
Info:     3438 LCs used as LUT4 only
Info:       63 LCs used as LUT4 and DFF
Info: Packing non-LUT FFs..
Info:     1076 LCs used as DFF only
Info: Packing carries..
Info:      134 LCs used as CARRY only
Info: Packing RAMs..
Info: Placing PLLs..
Info: Packing special functions..
Info: Packing PLLs..
Info: Promoting globals..
Info: promoting clock$SB_IO_IN (fanout 1139)
Info: promoting $abc$22909$auto$rtlil.cc:1969:NotGate$22843 [reset] (fanout 32)
Info: promoting $abc$22909$auto$dff2dffe.cc:175:make_patterns_logic$20980 [cen] (fanout 37)
Info: promoting $abc$22909$auto$dff2dffe.cc:158:make_patterns_logic$20652 [cen] (fanout 32)
Info: promoting $abc$22909$auto$dff2dffe.cc:158:make_patterns_logic$18924 [cen] (fanout 32)
Info: promoting $abc$22909$auto$dff2dffe.cc:158:make_patterns_logic$18540 [cen] (fanout 32)
Info: Constraining chains...
Info:        6 LCs used to legalise carry chains.
Info: Checksum: 0x1b522006

Info: Annotating ports with timing budgets for target frequency 12.00 MHz
Info: Checksum: 0xcf907ed6

Info: Device utilisation:
Info: 	         ICESTORM_LC:  4719/ 7680    61%
Info: 	        ICESTORM_RAM:     0/   32     0%
Info: 	               SB_IO:   168/  256    65%
Info: 	               SB_GB:     6/    8    75%
Info: 	        ICESTORM_PLL:     0/    2     0%
Info: 	         SB_WARMBOOT:     0/    1     0%

Info: Placed 0 cells based on constraints.
Info: Creating initial analytic placement for 4362 cells, random placement wirelen = 127993.
Info:     at initial placer iter 0, wirelen = 5886
Info:     at initial placer iter 1, wirelen = 4924
Info:     at initial placer iter 2, wirelen = 4927
Info:     at initial placer iter 3, wirelen = 4946
Info: Running main analytical placer.
Info:     at iteration #1, type ALL: wirelen solved = 4870, spread = 29429, legal = 33128; time = 1.56s
Info:     at iteration #2, type ALL: wirelen solved = 6648, spread = 23890, legal = 28171; time = 1.53s
Info:     at iteration #3, type ALL: wirelen solved = 8319, spread = 21360, legal = 26109; time = 1.32s
Info:     at iteration #4, type ALL: wirelen solved = 8859, spread = 21514, legal = 25335; time = 1.19s
Info:     at iteration #5, type ALL: wirelen solved = 9606, spread = 20470, legal = 25304; time = 1.18s
Info:     at iteration #6, type ALL: wirelen solved = 9671, spread = 20571, legal = 24422; time = 1.12s
Info:     at iteration #7, type ALL: wirelen solved = 10569, spread = 20106, legal = 24273; time = 1.05s
Info:     at iteration #8, type ALL: wirelen solved = 10728, spread = 19282, legal = 23682; time = 1.08s
Info:     at iteration #9, type ALL: wirelen solved = 10917, spread = 19452, legal = 23369; time = 1.04s
Info:     at iteration #10, type ALL: wirelen solved = 11276, spread = 18874, legal = 22782; time = 1.02s
Info:     at iteration #11, type ALL: wirelen solved = 11637, spread = 18495, legal = 23649; time = 0.99s
Info:     at iteration #12, type ALL: wirelen solved = 11835, spread = 18170, legal = 22001; time = 0.99s
Info:     at iteration #13, type ALL: wirelen solved = 12273, spread = 18756, legal = 22850; time = 1.03s
Info:     at iteration #14, type ALL: wirelen solved = 12577, spread = 18529, legal = 22291; time = 0.96s
Info:     at iteration #15, type ALL: wirelen solved = 12758, spread = 18515, legal = 22163; time = 1.03s
Info:     at iteration #16, type ALL: wirelen solved = 12944, spread = 18455, legal = 22516; time = 0.95s
Info:     at iteration #17, type ALL: wirelen solved = 13322, spread = 18291, legal = 22027; time = 0.91s
Info: HeAP Placer Time: 23.95s
Info:   of which solving equations: 14.54s
Info:   of which spreading cells: 1.66s
Info:   of which strict legalisation: 6.59s

Info: Running simulated annealing placer for refinement.
Info:   at iteration #1: temp = 0.000000, timing cost = 1555, wirelen = 22001
Info:   at iteration #5: temp = 0.000000, timing cost = 1402, wirelen = 19372
Info:   at iteration #10: temp = 0.000000, timing cost = 1311, wirelen = 18548
Info:   at iteration #15: temp = 0.000000, timing cost = 1207, wirelen = 17914
Info:   at iteration #20: temp = 0.000000, timing cost = 1251, wirelen = 17657
Info:   at iteration #25: temp = 0.000000, timing cost = 1244, wirelen = 17541
Info:   at iteration #29: temp = 0.000000, timing cost = 1240, wirelen = 17506 
Info: SA placement time 31.43s

Info: Max frequency for clock 'clock$SB_IO_IN_$glb_clk': 40.72 MHz (PASS at 12.00 MHz)

Info: Max delay <async>                         -> <async>                        : 28.72 ns
Info: Max delay <async>                         -> posedge clock$SB_IO_IN_$glb_clk: 28.49 ns
Info: Max delay posedge clock$SB_IO_IN_$glb_clk -> <async>                        : 24.78 ns

Info: Slack histogram:
Info:  legend: * represents 20 endpoint(s)
Info:          + represents [1,20) endpoint(s)
Info: [ 54616,  55968) |*+
Info: [ 55968,  57320) |*+
Info: [ 57320,  58672) |+
Info: [ 58672,  60024) |**+
Info: [ 60024,  61376) |***+
Info: [ 61376,  62728) |**+
Info: [ 62728,  64080) |*+
Info: [ 64080,  65432) |*****+
Info: [ 65432,  66784) |***+
Info: [ 66784,  68136) |****+
Info: [ 68136,  69488) |**********************************+
Info: [ 69488,  70840) |*****************************************************+
Info: [ 70840,  72192) |**********+
Info: [ 72192,  73544) |************************************************************ 
Info: [ 73544,  74896) |**************************************************+
Info: [ 74896,  76248) |*+
Info: [ 76248,  77600) |+
Info: [ 77600,  78952) |*+
Info: [ 78952,  80304) |*+
Info: [ 80304,  81656) |*+
Info: Checksum: 0x0fb2ab0b

Info: Routing..
Info: Setting up routing queue.
Info: Routing 15251 arcs.
Info:            |   (re-)routed arcs  |   delta    | remaining|       time spent     |
Info:    IterCnt |  w/ripup   wo/ripup |  w/r  wo/r |      arcs| batch(sec) total(sec)|
Info:       1000 |       11        988 |   11   988 |     14322|       2.41       2.41|
Info:       2000 |       22       1977 |   11   989 |     13336|       2.60       5.00|
Info:       3000 |       42       2957 |   20   980 |     12379|       2.13       7.13|
Info:       4000 |      115       3875 |   73   918 |     11489|       1.38       8.51|
Info:       5000 |      250       4669 |  135   794 |     10659|       1.20       9.71|
Info:       6000 |      400       5440 |  150   771 |      9848|       1.13      10.84|
Info:       7000 |      605       6160 |  205   720 |      9090|       1.24      12.08|
Info:       8000 |      872       6833 |  267   673 |      8403|       1.33      13.41|
Info:       9000 |      969       7719 |   97   886 |      7531|       2.05      15.46|
Info:      10000 |     1026       8662 |   57   943 |      6621|       2.41      17.87|
Info:      11000 |     1131       9557 |  105   895 |      5751|       2.61      20.48|
Info:      12000 |     1324      10364 |  193   807 |      5084|       3.15      23.64|
Info:      13000 |     1581      11107 |  257   743 |      4534|       5.34      28.98|
Info:      14000 |     1880      11808 |  299   701 |      4033|       4.57      33.55|
Info:      15000 |     2155      12533 |  275   725 |      3483|       3.55      37.11|
Info:      16000 |     2436      13252 |  281   719 |      3013|       4.02      41.12|
Info:      17000 |     2763      13925 |  327   673 |      2479|       3.23      44.36|
Info:      18000 |     3126      14562 |  363   637 |      2152|       3.91      48.27|
Info:      19000 |     3538      15150 |  412   588 |      1874|       4.76      53.02|
Info:      20000 |     3986      15702 |  448   552 |      1665|       5.18      58.21|
Info:      21000 |     4459      16229 |  473   527 |      1522|       4.97      63.18|
Info:      22000 |     4921      16767 |  462   538 |      1415|       4.67      67.85|
Info:      23000 |     5340      17348 |  419   581 |      1250|       4.78      72.63|
Info:      24000 |     5843      17845 |  503   497 |      1094|       5.47      78.10|
Info:      25000 |     6374      18314 |  531   469 |       966|       4.55      82.65|
Info:      26000 |     6885      18803 |  511   489 |       864|       5.20      87.85|
Info:      27000 |     7408      19280 |  523   477 |       721|       4.36      92.21|
Info:      27864 |     7491      20062 |   83   782 |         0|       4.20      96.41|
Info: Routing complete.
Info: Router1 time 96.41s
Info: Checksum: 0xc040c15c

Info: Critical path report for clock 'clock$SB_IO_IN_$glb_clk' (posedge -> posedge):
Info: curr total
Info:  0.5  0.5  Source $auto$simplemap.cc:420:simplemap_dff$5609_DFFLC.O
Info:  1.3  1.8    Net regfile[9][7] budget 0.000000 ns (6,4) -> (3,6)
Info:                Sink $abc$22909$auto$blifparse.cc:492:parse_blif$25841_LC.I0
Info:  0.4  2.3  Source $abc$22909$auto$blifparse.cc:492:parse_blif$25841_LC.O
Info:  0.6  2.8    Net $abc$22909$new_n5220_ budget 0.000000 ns (3,6) -> (2,5)
Info:                Sink $abc$22909$auto$blifparse.cc:492:parse_blif$25842_LC.I3
Info:  0.3  3.2  Source $abc$22909$auto$blifparse.cc:492:parse_blif$25842_LC.O
Info:  1.0  4.1    Net $abc$22909$new_n5221_ budget 0.000000 ns (2,5) -> (3,4)
Info:                Sink $abc$22909$auto$blifparse.cc:492:parse_blif$25840_LC.I0
Info:  0.4  4.6  Source $abc$22909$auto$blifparse.cc:492:parse_blif$25840_LC.O
Info:  0.6  5.2    Net $abc$22909$new_n5219_ budget 0.000000 ns (3,4) -> (3,4)
Info:                Sink $abc$22909$auto$blifparse.cc:492:parse_blif$23012_LC.I2
Info:  0.4  5.5  Source $abc$22909$auto$blifparse.cc:492:parse_blif$23012_LC.O
Info:  0.6  6.1    Net $abc$22909$new_n1942_ budget 0.000000 ns (3,4) -> (3,3)
Info:                Sink $abc$22909$auto$blifparse.cc:492:parse_blif$23011_LC.I3
Info:  0.3  6.4  Source $abc$22909$auto$blifparse.cc:492:parse_blif$23011_LC.O
Info:  2.6  9.0    Net rs1_value[7] budget 0.000000 ns (3,3) -> (15,11)
Info:                Sink $abc$22909$auto$blifparse.cc:492:parse_blif$25774_LC.I0
Info:                Defined in:
Info:                  nerv2.sv:90
Info:  0.4  9.5  Source $abc$22909$auto$blifparse.cc:492:parse_blif$25774_LC.O
Info:  0.6 10.1    Net $abc$22909$auto$alumacc.cc:474:replace_alu$789.BB[7] budget 0.000000 ns (15,11) -> (16,11)
Info:                Sink $auto$alumacc.cc:474:replace_alu$840.slice[7].carry$CARRY.I2
Info:                Defined in:
Info:                  nerv2.sv:287
Info:                  /usr/bin/../share/yosys/ice40/arith_map.v:42
Info:  0.2 10.3  Source $auto$alumacc.cc:474:replace_alu$840.slice[7].carry$CARRY.COUT
Info:  0.2 10.5    Net $auto$alumacc.cc:474:replace_alu$840.C[8] budget 0.190000 ns (16,11) -> (16,12)
Info:                Sink $auto$alumacc.cc:474:replace_alu$840.slice[8].carry$CARRY.CIN
Info:                Defined in:
Info:                  nerv2.sv:233
Info:                  /usr/bin/../share/yosys/ice40/arith_map.v:43
Info:  0.1 10.6  Source $auto$alumacc.cc:474:replace_alu$840.slice[8].carry$CARRY.COUT
Info:  0.0 10.6    Net $auto$alumacc.cc:474:replace_alu$840.C[9] budget 0.000000 ns (16,12) -> (16,12)
Info:                Sink $auto$alumacc.cc:474:replace_alu$840.slice[9].carry$CARRY.CIN
Info:                Defined in:
Info:                  nerv2.sv:233
Info:                  /usr/bin/../share/yosys/ice40/arith_map.v:43
Info:  0.1 10.7  Source $auto$alumacc.cc:474:replace_alu$840.slice[9].carry$CARRY.COUT
Info:  0.0 10.7    Net $auto$alumacc.cc:474:replace_alu$840.C[10] budget 0.000000 ns (16,12) -> (16,12)
Info:                Sink $auto$alumacc.cc:474:replace_alu$840.slice[10].carry$CARRY.CIN
Info:                Defined in:
Info:                  nerv2.sv:233
Info:                  /usr/bin/../share/yosys/ice40/arith_map.v:43
Info:  0.1 10.9  Source $auto$alumacc.cc:474:replace_alu$840.slice[10].carry$CARRY.COUT
Info:  0.0 10.9    Net $auto$alumacc.cc:474:replace_alu$840.C[11] budget 0.000000 ns (16,12) -> (16,12)
Info:                Sink $auto$alumacc.cc:474:replace_alu$840.slice[11].carry$CARRY.CIN
Info:                Defined in:
Info:                  nerv2.sv:233
Info:                  /usr/bin/../share/yosys/ice40/arith_map.v:43
Info:  0.1 11.0  Source $auto$alumacc.cc:474:replace_alu$840.slice[11].carry$CARRY.COUT
Info:  0.0 11.0    Net $auto$alumacc.cc:474:replace_alu$840.C[12] budget 0.000000 ns (16,12) -> (16,12)
Info:                Sink $auto$alumacc.cc:474:replace_alu$840.slice[12].carry$CARRY.CIN
Info:                Defined in:
Info:                  nerv2.sv:233
Info:                  /usr/bin/../share/yosys/ice40/arith_map.v:43
Info:  0.1 11.1  Source $auto$alumacc.cc:474:replace_alu$840.slice[12].carry$CARRY.COUT
Info:  0.0 11.1    Net $auto$alumacc.cc:474:replace_alu$840.C[13] budget 0.000000 ns (16,12) -> (16,12)
Info:                Sink $auto$alumacc.cc:474:replace_alu$840.slice[13].carry$CARRY.CIN
Info:                Defined in:
Info:                  nerv2.sv:233
Info:                  /usr/bin/../share/yosys/ice40/arith_map.v:43
Info:  0.1 11.2  Source $auto$alumacc.cc:474:replace_alu$840.slice[13].carry$CARRY.COUT
Info:  0.0 11.2    Net $auto$alumacc.cc:474:replace_alu$840.C[14] budget 0.000000 ns (16,12) -> (16,12)
Info:                Sink $auto$alumacc.cc:474:replace_alu$840.slice[14].carry$CARRY.CIN
Info:                Defined in:
Info:                  nerv2.sv:233
Info:                  /usr/bin/../share/yosys/ice40/arith_map.v:43
Info:  0.1 11.4  Source $auto$alumacc.cc:474:replace_alu$840.slice[14].carry$CARRY.COUT
Info:  0.0 11.4    Net $auto$alumacc.cc:474:replace_alu$840.C[15] budget 0.000000 ns (16,12) -> (16,12)
Info:                Sink $auto$alumacc.cc:474:replace_alu$840.slice[15].carry$CARRY.CIN
Info:                Defined in:
Info:                  nerv2.sv:233
Info:                  /usr/bin/../share/yosys/ice40/arith_map.v:43
Info:  0.1 11.5  Source $auto$alumacc.cc:474:replace_alu$840.slice[15].carry$CARRY.COUT
Info:  0.2 11.7    Net $auto$alumacc.cc:474:replace_alu$840.C[16] budget 0.190000 ns (16,12) -> (16,13)
Info:                Sink $auto$alumacc.cc:474:replace_alu$840.slice[16].carry$CARRY.CIN
Info:                Defined in:
Info:                  nerv2.sv:233
Info:                  /usr/bin/../share/yosys/ice40/arith_map.v:43
Info:  0.1 11.8  Source $auto$alumacc.cc:474:replace_alu$840.slice[16].carry$CARRY.COUT
Info:  0.0 11.8    Net $auto$alumacc.cc:474:replace_alu$840.C[17] budget 0.000000 ns (16,13) -> (16,13)
Info:                Sink $auto$alumacc.cc:474:replace_alu$840.slice[17].carry$CARRY.CIN
Info:                Defined in:
Info:                  nerv2.sv:233
Info:                  /usr/bin/../share/yosys/ice40/arith_map.v:43
Info:  0.1 11.9  Source $auto$alumacc.cc:474:replace_alu$840.slice[17].carry$CARRY.COUT
Info:  0.0 11.9    Net $auto$alumacc.cc:474:replace_alu$840.C[18] budget 0.000000 ns (16,13) -> (16,13)
Info:                Sink $auto$alumacc.cc:474:replace_alu$840.slice[18].carry$CARRY.CIN
Info:                Defined in:
Info:                  nerv2.sv:233
Info:                  /usr/bin/../share/yosys/ice40/arith_map.v:43
Info:  0.1 12.1  Source $auto$alumacc.cc:474:replace_alu$840.slice[18].carry$CARRY.COUT
Info:  0.0 12.1    Net $auto$alumacc.cc:474:replace_alu$840.C[19] budget 0.000000 ns (16,13) -> (16,13)
Info:                Sink $auto$alumacc.cc:474:replace_alu$840.slice[19].carry$CARRY.CIN
Info:                Defined in:
Info:                  nerv2.sv:233
Info:                  /usr/bin/../share/yosys/ice40/arith_map.v:43
Info:  0.1 12.2  Source $auto$alumacc.cc:474:replace_alu$840.slice[19].carry$CARRY.COUT
Info:  0.0 12.2    Net $auto$alumacc.cc:474:replace_alu$840.C[20] budget 0.000000 ns (16,13) -> (16,13)
Info:                Sink $auto$alumacc.cc:474:replace_alu$840.slice[20].carry$CARRY.CIN
Info:                Defined in:
Info:                  nerv2.sv:233
Info:                  /usr/bin/../share/yosys/ice40/arith_map.v:43
Info:  0.1 12.3  Source $auto$alumacc.cc:474:replace_alu$840.slice[20].carry$CARRY.COUT
Info:  0.0 12.3    Net $auto$alumacc.cc:474:replace_alu$840.C[21] budget 0.000000 ns (16,13) -> (16,13)
Info:                Sink $auto$alumacc.cc:474:replace_alu$840.slice[21].carry$CARRY.CIN
Info:                Defined in:
Info:                  nerv2.sv:233
Info:                  /usr/bin/../share/yosys/ice40/arith_map.v:43
Info:  0.1 12.5  Source $auto$alumacc.cc:474:replace_alu$840.slice[21].carry$CARRY.COUT
Info:  0.0 12.5    Net $auto$alumacc.cc:474:replace_alu$840.C[22] budget 0.000000 ns (16,13) -> (16,13)
Info:                Sink $auto$alumacc.cc:474:replace_alu$840.slice[22].carry$CARRY.CIN
Info:                Defined in:
Info:                  nerv2.sv:233
Info:                  /usr/bin/../share/yosys/ice40/arith_map.v:43
Info:  0.1 12.6  Source $auto$alumacc.cc:474:replace_alu$840.slice[22].carry$CARRY.COUT
Info:  0.0 12.6    Net $auto$alumacc.cc:474:replace_alu$840.C[23] budget 0.000000 ns (16,13) -> (16,13)
Info:                Sink $auto$alumacc.cc:474:replace_alu$840.slice[23].carry$CARRY.CIN
Info:                Defined in:
Info:                  nerv2.sv:233
Info:                  /usr/bin/../share/yosys/ice40/arith_map.v:43
Info:  0.1 12.7  Source $auto$alumacc.cc:474:replace_alu$840.slice[23].carry$CARRY.COUT
Info:  0.2 12.9    Net $auto$alumacc.cc:474:replace_alu$840.C[24] budget 0.190000 ns (16,13) -> (16,14)
Info:                Sink $auto$alumacc.cc:474:replace_alu$840.slice[24].carry$CARRY.CIN
Info:                Defined in:
Info:                  nerv2.sv:233
Info:                  /usr/bin/../share/yosys/ice40/arith_map.v:43
Info:  0.1 13.0  Source $auto$alumacc.cc:474:replace_alu$840.slice[24].carry$CARRY.COUT
Info:  0.0 13.0    Net $auto$alumacc.cc:474:replace_alu$840.C[25] budget 0.000000 ns (16,14) -> (16,14)
Info:                Sink $auto$alumacc.cc:474:replace_alu$840.slice[25].carry$CARRY.CIN
Info:                Defined in:
Info:                  nerv2.sv:233
Info:                  /usr/bin/../share/yosys/ice40/arith_map.v:43
Info:  0.1 13.2  Source $auto$alumacc.cc:474:replace_alu$840.slice[25].carry$CARRY.COUT
Info:  0.0 13.2    Net $auto$alumacc.cc:474:replace_alu$840.C[26] budget 0.000000 ns (16,14) -> (16,14)
Info:                Sink $auto$alumacc.cc:474:replace_alu$840.slice[26].carry$CARRY.CIN
Info:                Defined in:
Info:                  nerv2.sv:233
Info:                  /usr/bin/../share/yosys/ice40/arith_map.v:43
Info:  0.1 13.3  Source $auto$alumacc.cc:474:replace_alu$840.slice[26].carry$CARRY.COUT
Info:  0.0 13.3    Net $auto$alumacc.cc:474:replace_alu$840.C[27] budget 0.000000 ns (16,14) -> (16,14)
Info:                Sink $auto$alumacc.cc:474:replace_alu$840.slice[27].carry$CARRY.CIN
Info:                Defined in:
Info:                  nerv2.sv:233
Info:                  /usr/bin/../share/yosys/ice40/arith_map.v:43
Info:  0.1 13.4  Source $auto$alumacc.cc:474:replace_alu$840.slice[27].carry$CARRY.COUT
Info:  0.0 13.4    Net $auto$alumacc.cc:474:replace_alu$840.C[28] budget 0.000000 ns (16,14) -> (16,14)
Info:                Sink $auto$alumacc.cc:474:replace_alu$840.slice[28].carry$CARRY.CIN
Info:                Defined in:
Info:                  nerv2.sv:233
Info:                  /usr/bin/../share/yosys/ice40/arith_map.v:43
Info:  0.1 13.5  Source $auto$alumacc.cc:474:replace_alu$840.slice[28].carry$CARRY.COUT
Info:  0.0 13.5    Net $auto$alumacc.cc:474:replace_alu$840.C[29] budget 0.000000 ns (16,14) -> (16,14)
Info:                Sink $auto$alumacc.cc:474:replace_alu$840.slice[29].carry$CARRY.CIN
Info:                Defined in:
Info:                  nerv2.sv:233
Info:                  /usr/bin/../share/yosys/ice40/arith_map.v:43
Info:  0.1 13.7  Source $auto$alumacc.cc:474:replace_alu$840.slice[29].carry$CARRY.COUT
Info:  0.0 13.7    Net $auto$alumacc.cc:474:replace_alu$840.C[30] budget 0.000000 ns (16,14) -> (16,14)
Info:                Sink $auto$alumacc.cc:474:replace_alu$840.slice[30].carry$CARRY.CIN
Info:                Defined in:
Info:                  nerv2.sv:233
Info:                  /usr/bin/../share/yosys/ice40/arith_map.v:43
Info:  0.1 13.8  Source $auto$alumacc.cc:474:replace_alu$840.slice[30].carry$CARRY.COUT
Info:  0.3 14.0    Net $nextpnr_ICESTORM_LC_3$I3 budget 0.260000 ns (16,14) -> (16,14)
Info:                Sink $nextpnr_ICESTORM_LC_3.I3
Info:  0.3 14.4  Source $nextpnr_ICESTORM_LC_3.O
Info:  0.6 14.9    Net $auto$alumacc.cc:474:replace_alu$840.C[31] budget 36.477001 ns (16,14) -> (16,15)
Info:                Sink $abc$22909$auto$blifparse.cc:492:parse_blif$25262_LC.I1
Info:                Defined in:
Info:                  nerv2.sv:233
Info:                  /usr/bin/../share/yosys/ice40/arith_map.v:43
Info:  0.4 15.3  Source $abc$22909$auto$blifparse.cc:492:parse_blif$25262_LC.O
Info:  0.6 15.9    Net $abc$22909$auto$rtlil.cc:1864:Xor$846_new_ budget 5.211000 ns (16,15) -> (15,16)
Info:                Sink $abc$22909$auto$blifparse.cc:492:parse_blif$25245_LC.I3
Info:  0.3 16.2  Source $abc$22909$auto$blifparse.cc:492:parse_blif$25245_LC.O
Info:  1.0 17.2    Net $abc$22909$auto$rtlil.cc:1832:Not$854_new_ budget 5.211000 ns (15,16) -> (15,17)
Info:                Sink $abc$22909$auto$blifparse.cc:492:parse_blif$25306_LC.I2
Info:  0.4 17.6  Source $abc$22909$auto$blifparse.cc:492:parse_blif$25306_LC.O
Info:  3.1 20.7    Net $abc$22909$new_n4581_ budget 5.216000 ns (15,17) -> (13,3)
Info:                Sink $abc$22909$auto$blifparse.cc:492:parse_blif$25506_LC.I1
Info:  0.4 21.1  Source $abc$22909$auto$blifparse.cc:492:parse_blif$25506_LC.O
Info:  0.6 21.7    Net $abc$22909$new_n4792_ budget 5.216000 ns (13,3) -> (12,2)
Info:                Sink $abc$22909$auto$blifparse.cc:492:parse_blif$25505_LC.I0
Info:  0.4 22.1  Source $abc$22909$auto$blifparse.cc:492:parse_blif$25505_LC.O
Info:  0.6 22.7    Net $abc$22909$procmux$643.B_AND_S[7]_new_ budget 5.216000 ns (12,2) -> (11,2)
Info:                Sink $abc$22909$auto$blifparse.cc:492:parse_blif$26070_LC.I1
Info:                Defined in:
Info:                  nerv2.sv:228
Info:                  nerv2.sv:191
Info:                  /usr/bin/../share/yosys/techmap.v:432
Info:  0.4 23.1  Source $abc$22909$auto$blifparse.cc:492:parse_blif$26070_LC.O
Info:  0.6 23.7    Net $abc$22909$npc[7]_new_ budget 5.215000 ns (11,2) -> (10,3)
Info:                Sink $abc$22909$auto$blifparse.cc:492:parse_blif$25504_LC.I1
Info:                Defined in:
Info:                  nerv2.sv:73
Info:  0.4 24.1  Source $abc$22909$auto$blifparse.cc:492:parse_blif$25504_LC.O
Info:  1.3 25.4    Net imem_addr[7]$SB_IO_OUT budget 5.215000 ns (10,3) -> (7,5)
Info:                Sink $auto$simplemap.cc:420:simplemap_dff$9259_DFFLC.I0
Info:                Defined in:
Info:                  nerv2.sv:30
Info:  0.5 25.9  Setup $auto$simplemap.cc:420:simplemap_dff$9259_DFFLC.I0
Info: 9.5 ns logic, 16.3 ns routing

Info: Critical path report for cross-domain path '<async>' -> '<async>':
Info: curr total
Info:  0.0  0.0  Source imem_data[15]$sb_io.D_IN_0
Info:  3.4  3.4    Net imem_data[15]$SB_IO_IN budget 0.000000 ns (0,30) -> (21,12)
Info:                Sink $abc$22909$auto$blifparse.cc:492:parse_blif$22982_LC.I0
Info:                Defined in:
Info:                  nerv2.sv:96
Info:  0.4  3.8  Source $abc$22909$auto$blifparse.cc:492:parse_blif$22982_LC.O
Info:  1.6  5.4    Net $abc$22909$new_n1912_ budget 0.000000 ns (21,12) -> (18,8)
Info:                Sink $abc$22909$auto$blifparse.cc:492:parse_blif$22980_LC.I1
Info:  0.4  5.8  Source $abc$22909$auto$blifparse.cc:492:parse_blif$22980_LC.O
Info:  2.7  8.6    Net $abc$22909$auto$simplemap.cc:168:logic_reduce$1590_new_inv_ budget 0.000000 ns (18,8) -> (5,25)
Info:                Sink $abc$22909$auto$blifparse.cc:492:parse_blif$23115_LC.I2
Info:  0.4  9.0  Source $abc$22909$auto$blifparse.cc:492:parse_blif$23115_LC.O
Info:  2.4 11.4    Net rs1_value[0] budget 0.000000 ns (5,25) -> (15,11)
Info:                Sink $abc$22909$auto$blifparse.cc:492:parse_blif$25767_LC.I0
Info:                Defined in:
Info:                  nerv2.sv:90
Info:  0.4 11.8  Source $abc$22909$auto$blifparse.cc:492:parse_blif$25767_LC.O
Info:  0.6 12.4    Net $abc$22909$auto$alumacc.cc:474:replace_alu$789.BB[0] budget 0.000000 ns (15,11) -> (16,11)
Info:                Sink $auto$alumacc.cc:474:replace_alu$840.slice[0].carry$CARRY.I2
Info:                Defined in:
Info:                  nerv2.sv:287
Info:                  /usr/bin/../share/yosys/ice40/arith_map.v:42
Info:  0.2 12.7  Source $auto$alumacc.cc:474:replace_alu$840.slice[0].carry$CARRY.COUT
Info:  0.0 12.7    Net $auto$alumacc.cc:474:replace_alu$840.C[1] budget 0.000000 ns (16,11) -> (16,11)
Info:                Sink $auto$alumacc.cc:474:replace_alu$840.slice[1].carry$CARRY.CIN
Info:                Defined in:
Info:                  nerv2.sv:233
Info:                  /usr/bin/../share/yosys/ice40/arith_map.v:43
Info:  0.1 12.8  Source $auto$alumacc.cc:474:replace_alu$840.slice[1].carry$CARRY.COUT
Info:  0.0 12.8    Net $auto$alumacc.cc:474:replace_alu$840.C[2] budget 0.000000 ns (16,11) -> (16,11)
Info:                Sink $auto$alumacc.cc:474:replace_alu$840.slice[2].carry$CARRY.CIN
Info:                Defined in:
Info:                  nerv2.sv:233
Info:                  /usr/bin/../share/yosys/ice40/arith_map.v:43
Info:  0.1 12.9  Source $auto$alumacc.cc:474:replace_alu$840.slice[2].carry$CARRY.COUT
Info:  0.0 12.9    Net $auto$alumacc.cc:474:replace_alu$840.C[3] budget 0.000000 ns (16,11) -> (16,11)
Info:                Sink $auto$alumacc.cc:474:replace_alu$840.slice[3].carry$CARRY.CIN
Info:                Defined in:
Info:                  nerv2.sv:233
Info:                  /usr/bin/../share/yosys/ice40/arith_map.v:43
Info:  0.1 13.0  Source $auto$alumacc.cc:474:replace_alu$840.slice[3].carry$CARRY.COUT
Info:  0.0 13.0    Net $auto$alumacc.cc:474:replace_alu$840.C[4] budget 0.000000 ns (16,11) -> (16,11)
Info:                Sink $auto$alumacc.cc:474:replace_alu$840.slice[4].carry$CARRY.CIN
Info:                Defined in:
Info:                  nerv2.sv:233
Info:                  /usr/bin/../share/yosys/ice40/arith_map.v:43
Info:  0.1 13.2  Source $auto$alumacc.cc:474:replace_alu$840.slice[4].carry$CARRY.COUT
Info:  0.0 13.2    Net $auto$alumacc.cc:474:replace_alu$840.C[5] budget 0.000000 ns (16,11) -> (16,11)
Info:                Sink $auto$alumacc.cc:474:replace_alu$840.slice[5].carry$CARRY.CIN
Info:                Defined in:
Info:                  nerv2.sv:233
Info:                  /usr/bin/../share/yosys/ice40/arith_map.v:43
Info:  0.1 13.3  Source $auto$alumacc.cc:474:replace_alu$840.slice[5].carry$CARRY.COUT
Info:  0.0 13.3    Net $auto$alumacc.cc:474:replace_alu$840.C[6] budget 0.000000 ns (16,11) -> (16,11)
Info:                Sink $auto$alumacc.cc:474:replace_alu$840.slice[6].carry$CARRY.CIN
Info:                Defined in:
Info:                  nerv2.sv:233
Info:                  /usr/bin/../share/yosys/ice40/arith_map.v:43
Info:  0.1 13.4  Source $auto$alumacc.cc:474:replace_alu$840.slice[6].carry$CARRY.COUT
Info:  0.0 13.4    Net $auto$alumacc.cc:474:replace_alu$840.C[7] budget 0.000000 ns (16,11) -> (16,11)
Info:                Sink $auto$alumacc.cc:474:replace_alu$840.slice[7].carry$CARRY.CIN
Info:                Defined in:
Info:                  nerv2.sv:233
Info:                  /usr/bin/../share/yosys/ice40/arith_map.v:43
Info:  0.1 13.5  Source $auto$alumacc.cc:474:replace_alu$840.slice[7].carry$CARRY.COUT
Info:  0.2 13.7    Net $auto$alumacc.cc:474:replace_alu$840.C[8] budget 0.190000 ns (16,11) -> (16,12)
Info:                Sink $auto$alumacc.cc:474:replace_alu$840.slice[8].carry$CARRY.CIN
Info:                Defined in:
Info:                  nerv2.sv:233
Info:                  /usr/bin/../share/yosys/ice40/arith_map.v:43
Info:  0.1 13.9  Source $auto$alumacc.cc:474:replace_alu$840.slice[8].carry$CARRY.COUT
Info:  0.0 13.9    Net $auto$alumacc.cc:474:replace_alu$840.C[9] budget 0.000000 ns (16,12) -> (16,12)
Info:                Sink $auto$alumacc.cc:474:replace_alu$840.slice[9].carry$CARRY.CIN
Info:                Defined in:
Info:                  nerv2.sv:233
Info:                  /usr/bin/../share/yosys/ice40/arith_map.v:43
Info:  0.1 14.0  Source $auto$alumacc.cc:474:replace_alu$840.slice[9].carry$CARRY.COUT
Info:  0.0 14.0    Net $auto$alumacc.cc:474:replace_alu$840.C[10] budget 0.000000 ns (16,12) -> (16,12)
Info:                Sink $auto$alumacc.cc:474:replace_alu$840.slice[10].carry$CARRY.CIN
Info:                Defined in:
Info:                  nerv2.sv:233
Info:                  /usr/bin/../share/yosys/ice40/arith_map.v:43
Info:  0.1 14.1  Source $auto$alumacc.cc:474:replace_alu$840.slice[10].carry$CARRY.COUT
Info:  0.0 14.1    Net $auto$alumacc.cc:474:replace_alu$840.C[11] budget 0.000000 ns (16,12) -> (16,12)
Info:                Sink $auto$alumacc.cc:474:replace_alu$840.slice[11].carry$CARRY.CIN
Info:                Defined in:
Info:                  nerv2.sv:233
Info:                  /usr/bin/../share/yosys/ice40/arith_map.v:43
Info:  0.1 14.2  Source $auto$alumacc.cc:474:replace_alu$840.slice[11].carry$CARRY.COUT
Info:  0.0 14.2    Net $auto$alumacc.cc:474:replace_alu$840.C[12] budget 0.000000 ns (16,12) -> (16,12)
Info:                Sink $auto$alumacc.cc:474:replace_alu$840.slice[12].carry$CARRY.CIN
Info:                Defined in:
Info:                  nerv2.sv:233
Info:                  /usr/bin/../share/yosys/ice40/arith_map.v:43
Info:  0.1 14.4  Source $auto$alumacc.cc:474:replace_alu$840.slice[12].carry$CARRY.COUT
Info:  0.0 14.4    Net $auto$alumacc.cc:474:replace_alu$840.C[13] budget 0.000000 ns (16,12) -> (16,12)
Info:                Sink $auto$alumacc.cc:474:replace_alu$840.slice[13].carry$CARRY.CIN
Info:                Defined in:
Info:                  nerv2.sv:233
Info:                  /usr/bin/../share/yosys/ice40/arith_map.v:43
Info:  0.1 14.5  Source $auto$alumacc.cc:474:replace_alu$840.slice[13].carry$CARRY.COUT
Info:  0.0 14.5    Net $auto$alumacc.cc:474:replace_alu$840.C[14] budget 0.000000 ns (16,12) -> (16,12)
Info:                Sink $auto$alumacc.cc:474:replace_alu$840.slice[14].carry$CARRY.CIN
Info:                Defined in:
Info:                  nerv2.sv:233
Info:                  /usr/bin/../share/yosys/ice40/arith_map.v:43
Info:  0.1 14.6  Source $auto$alumacc.cc:474:replace_alu$840.slice[14].carry$CARRY.COUT
Info:  0.0 14.6    Net $auto$alumacc.cc:474:replace_alu$840.C[15] budget 0.000000 ns (16,12) -> (16,12)
Info:                Sink $auto$alumacc.cc:474:replace_alu$840.slice[15].carry$CARRY.CIN
Info:                Defined in:
Info:                  nerv2.sv:233
Info:                  /usr/bin/../share/yosys/ice40/arith_map.v:43
Info:  0.1 14.7  Source $auto$alumacc.cc:474:replace_alu$840.slice[15].carry$CARRY.COUT
Info:  0.2 14.9    Net $auto$alumacc.cc:474:replace_alu$840.C[16] budget 0.190000 ns (16,12) -> (16,13)
Info:                Sink $auto$alumacc.cc:474:replace_alu$840.slice[16].carry$CARRY.CIN
Info:                Defined in:
Info:                  nerv2.sv:233
Info:                  /usr/bin/../share/yosys/ice40/arith_map.v:43
Info:  0.1 15.1  Source $auto$alumacc.cc:474:replace_alu$840.slice[16].carry$CARRY.COUT
Info:  0.0 15.1    Net $auto$alumacc.cc:474:replace_alu$840.C[17] budget 0.000000 ns (16,13) -> (16,13)
Info:                Sink $auto$alumacc.cc:474:replace_alu$840.slice[17].carry$CARRY.CIN
Info:                Defined in:
Info:                  nerv2.sv:233
Info:                  /usr/bin/../share/yosys/ice40/arith_map.v:43
Info:  0.1 15.2  Source $auto$alumacc.cc:474:replace_alu$840.slice[17].carry$CARRY.COUT
Info:  0.0 15.2    Net $auto$alumacc.cc:474:replace_alu$840.C[18] budget 0.000000 ns (16,13) -> (16,13)
Info:                Sink $auto$alumacc.cc:474:replace_alu$840.slice[18].carry$CARRY.CIN
Info:                Defined in:
Info:                  nerv2.sv:233
Info:                  /usr/bin/../share/yosys/ice40/arith_map.v:43
Info:  0.1 15.3  Source $auto$alumacc.cc:474:replace_alu$840.slice[18].carry$CARRY.COUT
Info:  0.0 15.3    Net $auto$alumacc.cc:474:replace_alu$840.C[19] budget 0.000000 ns (16,13) -> (16,13)
Info:                Sink $auto$alumacc.cc:474:replace_alu$840.slice[19].carry$CARRY.CIN
Info:                Defined in:
Info:                  nerv2.sv:233
Info:                  /usr/bin/../share/yosys/ice40/arith_map.v:43
Info:  0.1 15.4  Source $auto$alumacc.cc:474:replace_alu$840.slice[19].carry$CARRY.COUT
Info:  0.0 15.4    Net $auto$alumacc.cc:474:replace_alu$840.C[20] budget 0.000000 ns (16,13) -> (16,13)
Info:                Sink $auto$alumacc.cc:474:replace_alu$840.slice[20].carry$CARRY.CIN
Info:                Defined in:
Info:                  nerv2.sv:233
Info:                  /usr/bin/../share/yosys/ice40/arith_map.v:43
Info:  0.1 15.6  Source $auto$alumacc.cc:474:replace_alu$840.slice[20].carry$CARRY.COUT
Info:  0.0 15.6    Net $auto$alumacc.cc:474:replace_alu$840.C[21] budget 0.000000 ns (16,13) -> (16,13)
Info:                Sink $auto$alumacc.cc:474:replace_alu$840.slice[21].carry$CARRY.CIN
Info:                Defined in:
Info:                  nerv2.sv:233
Info:                  /usr/bin/../share/yosys/ice40/arith_map.v:43
Info:  0.1 15.7  Source $auto$alumacc.cc:474:replace_alu$840.slice[21].carry$CARRY.COUT
Info:  0.0 15.7    Net $auto$alumacc.cc:474:replace_alu$840.C[22] budget 0.000000 ns (16,13) -> (16,13)
Info:                Sink $auto$alumacc.cc:474:replace_alu$840.slice[22].carry$CARRY.CIN
Info:                Defined in:
Info:                  nerv2.sv:233
Info:                  /usr/bin/../share/yosys/ice40/arith_map.v:43
Info:  0.1 15.8  Source $auto$alumacc.cc:474:replace_alu$840.slice[22].carry$CARRY.COUT
Info:  0.0 15.8    Net $auto$alumacc.cc:474:replace_alu$840.C[23] budget 0.000000 ns (16,13) -> (16,13)
Info:                Sink $auto$alumacc.cc:474:replace_alu$840.slice[23].carry$CARRY.CIN
Info:                Defined in:
Info:                  nerv2.sv:233
Info:                  /usr/bin/../share/yosys/ice40/arith_map.v:43
Info:  0.1 15.9  Source $auto$alumacc.cc:474:replace_alu$840.slice[23].carry$CARRY.COUT
Info:  0.2 16.1    Net $auto$alumacc.cc:474:replace_alu$840.C[24] budget 0.190000 ns (16,13) -> (16,14)
Info:                Sink $auto$alumacc.cc:474:replace_alu$840.slice[24].carry$CARRY.CIN
Info:                Defined in:
Info:                  nerv2.sv:233
Info:                  /usr/bin/../share/yosys/ice40/arith_map.v:43
Info:  0.1 16.3  Source $auto$alumacc.cc:474:replace_alu$840.slice[24].carry$CARRY.COUT
Info:  0.0 16.3    Net $auto$alumacc.cc:474:replace_alu$840.C[25] budget 0.000000 ns (16,14) -> (16,14)
Info:                Sink $auto$alumacc.cc:474:replace_alu$840.slice[25].carry$CARRY.CIN
Info:                Defined in:
Info:                  nerv2.sv:233
Info:                  /usr/bin/../share/yosys/ice40/arith_map.v:43
Info:  0.1 16.4  Source $auto$alumacc.cc:474:replace_alu$840.slice[25].carry$CARRY.COUT
Info:  0.0 16.4    Net $auto$alumacc.cc:474:replace_alu$840.C[26] budget 0.000000 ns (16,14) -> (16,14)
Info:                Sink $auto$alumacc.cc:474:replace_alu$840.slice[26].carry$CARRY.CIN
Info:                Defined in:
Info:                  nerv2.sv:233
Info:                  /usr/bin/../share/yosys/ice40/arith_map.v:43
Info:  0.1 16.5  Source $auto$alumacc.cc:474:replace_alu$840.slice[26].carry$CARRY.COUT
Info:  0.0 16.5    Net $auto$alumacc.cc:474:replace_alu$840.C[27] budget 0.000000 ns (16,14) -> (16,14)
Info:                Sink $auto$alumacc.cc:474:replace_alu$840.slice[27].carry$CARRY.CIN
Info:                Defined in:
Info:                  nerv2.sv:233
Info:                  /usr/bin/../share/yosys/ice40/arith_map.v:43
Info:  0.1 16.6  Source $auto$alumacc.cc:474:replace_alu$840.slice[27].carry$CARRY.COUT
Info:  0.0 16.6    Net $auto$alumacc.cc:474:replace_alu$840.C[28] budget 0.000000 ns (16,14) -> (16,14)
Info:                Sink $auto$alumacc.cc:474:replace_alu$840.slice[28].carry$CARRY.CIN
Info:                Defined in:
Info:                  nerv2.sv:233
Info:                  /usr/bin/../share/yosys/ice40/arith_map.v:43
Info:  0.1 16.8  Source $auto$alumacc.cc:474:replace_alu$840.slice[28].carry$CARRY.COUT
Info:  0.0 16.8    Net $auto$alumacc.cc:474:replace_alu$840.C[29] budget 0.000000 ns (16,14) -> (16,14)
Info:                Sink $auto$alumacc.cc:474:replace_alu$840.slice[29].carry$CARRY.CIN
Info:                Defined in:
Info:                  nerv2.sv:233
Info:                  /usr/bin/../share/yosys/ice40/arith_map.v:43
Info:  0.1 16.9  Source $auto$alumacc.cc:474:replace_alu$840.slice[29].carry$CARRY.COUT
Info:  0.0 16.9    Net $auto$alumacc.cc:474:replace_alu$840.C[30] budget 0.000000 ns (16,14) -> (16,14)
Info:                Sink $auto$alumacc.cc:474:replace_alu$840.slice[30].carry$CARRY.CIN
Info:                Defined in:
Info:                  nerv2.sv:233
Info:                  /usr/bin/../share/yosys/ice40/arith_map.v:43
Info:  0.1 17.0  Source $auto$alumacc.cc:474:replace_alu$840.slice[30].carry$CARRY.COUT
Info:  0.3 17.3    Net $nextpnr_ICESTORM_LC_3$I3 budget 0.260000 ns (16,14) -> (16,14)
Info:                Sink $nextpnr_ICESTORM_LC_3.I3
Info:  0.3 17.6  Source $nextpnr_ICESTORM_LC_3.O
Info:  0.6 18.2    Net $auto$alumacc.cc:474:replace_alu$840.C[31] budget 36.477001 ns (16,14) -> (16,15)
Info:                Sink $abc$22909$auto$blifparse.cc:492:parse_blif$25262_LC.I1
Info:                Defined in:
Info:                  nerv2.sv:233
Info:                  /usr/bin/../share/yosys/ice40/arith_map.v:43
Info:  0.4 18.6  Source $abc$22909$auto$blifparse.cc:492:parse_blif$25262_LC.O
Info:  0.6 19.2    Net $abc$22909$auto$rtlil.cc:1864:Xor$846_new_ budget 5.211000 ns (16,15) -> (15,16)
Info:                Sink $abc$22909$auto$blifparse.cc:492:parse_blif$25245_LC.I3
Info:  0.3 19.5  Source $abc$22909$auto$blifparse.cc:492:parse_blif$25245_LC.O
Info:  1.0 20.4    Net $abc$22909$auto$rtlil.cc:1832:Not$854_new_ budget 5.211000 ns (15,16) -> (15,17)
Info:                Sink $abc$22909$auto$blifparse.cc:492:parse_blif$25306_LC.I2
Info:  0.4 20.8  Source $abc$22909$auto$blifparse.cc:492:parse_blif$25306_LC.O
Info:  0.6 21.4    Net $abc$22909$new_n4581_ budget 5.211000 ns (15,17) -> (15,17)
Info:                Sink $abc$22909$auto$blifparse.cc:492:parse_blif$25472_LC.I0
Info:  0.4 21.9  Source $abc$22909$auto$blifparse.cc:492:parse_blif$25472_LC.O
Info:  2.4 24.3    Net $abc$22909$new_n4752_ budget 5.217000 ns (15,17) -> (11,3)
Info:                Sink $abc$22909$auto$blifparse.cc:492:parse_blif$25482_LC.I2
Info:  0.4 24.7  Source $abc$22909$auto$blifparse.cc:492:parse_blif$25482_LC.O
Info:  0.6 25.3    Net $abc$22909$procmux$643.B_AND_S[4]_new_ budget 5.217000 ns (11,3) -> (11,3)
Info:                Sink $abc$22909$auto$blifparse.cc:492:parse_blif$25481_LC.I1
Info:                Defined in:
Info:                  nerv2.sv:228
Info:                  nerv2.sv:191
Info:                  /usr/bin/../share/yosys/techmap.v:432
Info:  0.4 25.7  Source $abc$22909$auto$blifparse.cc:492:parse_blif$25481_LC.O
Info:  1.6 27.3    Net $abc$22909$npc[4]_new_ budget 5.217000 ns (11,3) -> (6,4)
Info:                Sink $abc$22909$auto$blifparse.cc:492:parse_blif$25480_LC.I1
Info:                Defined in:
Info:                  nerv2.sv:73
Info:  0.4 27.7  Source $abc$22909$auto$blifparse.cc:492:parse_blif$25480_LC.O
Info:  1.1 28.8    Net imem_addr[4]$SB_IO_OUT budget 5.250000 ns (6,4) -> (6,0)
Info:                Sink imem_addr[4]$sb_io.D_OUT_0
Info:                Defined in:
Info:                  nerv2.sv:30
Info: 8.7 ns logic, 20.1 ns routing

Info: Critical path report for cross-domain path '<async>' -> 'posedge clock$SB_IO_IN_$glb_clk':
Info: curr total
Info:  0.0  0.0  Source imem_data[15]$sb_io.D_IN_0
Info:  3.4  3.4    Net imem_data[15]$SB_IO_IN budget 0.000000 ns (0,30) -> (21,12)
Info:                Sink $abc$22909$auto$blifparse.cc:492:parse_blif$22982_LC.I0
Info:                Defined in:
Info:                  nerv2.sv:96
Info:  0.4  3.8  Source $abc$22909$auto$blifparse.cc:492:parse_blif$22982_LC.O
Info:  1.6  5.4    Net $abc$22909$new_n1912_ budget 0.000000 ns (21,12) -> (18,8)
Info:                Sink $abc$22909$auto$blifparse.cc:492:parse_blif$22980_LC.I1
Info:  0.4  5.8  Source $abc$22909$auto$blifparse.cc:492:parse_blif$22980_LC.O
Info:  2.7  8.6    Net $abc$22909$auto$simplemap.cc:168:logic_reduce$1590_new_inv_ budget 0.000000 ns (18,8) -> (5,25)
Info:                Sink $abc$22909$auto$blifparse.cc:492:parse_blif$23115_LC.I2
Info:  0.4  9.0  Source $abc$22909$auto$blifparse.cc:492:parse_blif$23115_LC.O
Info:  2.4 11.4    Net rs1_value[0] budget 0.000000 ns (5,25) -> (15,11)
Info:                Sink $abc$22909$auto$blifparse.cc:492:parse_blif$25767_LC.I0
Info:                Defined in:
Info:                  nerv2.sv:90
Info:  0.4 11.8  Source $abc$22909$auto$blifparse.cc:492:parse_blif$25767_LC.O
Info:  0.6 12.4    Net $abc$22909$auto$alumacc.cc:474:replace_alu$789.BB[0] budget 0.000000 ns (15,11) -> (16,11)
Info:                Sink $auto$alumacc.cc:474:replace_alu$840.slice[0].carry$CARRY.I2
Info:                Defined in:
Info:                  nerv2.sv:287
Info:                  /usr/bin/../share/yosys/ice40/arith_map.v:42
Info:  0.2 12.7  Source $auto$alumacc.cc:474:replace_alu$840.slice[0].carry$CARRY.COUT
Info:  0.0 12.7    Net $auto$alumacc.cc:474:replace_alu$840.C[1] budget 0.000000 ns (16,11) -> (16,11)
Info:                Sink $auto$alumacc.cc:474:replace_alu$840.slice[1].carry$CARRY.CIN
Info:                Defined in:
Info:                  nerv2.sv:233
Info:                  /usr/bin/../share/yosys/ice40/arith_map.v:43
Info:  0.1 12.8  Source $auto$alumacc.cc:474:replace_alu$840.slice[1].carry$CARRY.COUT
Info:  0.0 12.8    Net $auto$alumacc.cc:474:replace_alu$840.C[2] budget 0.000000 ns (16,11) -> (16,11)
Info:                Sink $auto$alumacc.cc:474:replace_alu$840.slice[2].carry$CARRY.CIN
Info:                Defined in:
Info:                  nerv2.sv:233
Info:                  /usr/bin/../share/yosys/ice40/arith_map.v:43
Info:  0.1 12.9  Source $auto$alumacc.cc:474:replace_alu$840.slice[2].carry$CARRY.COUT
Info:  0.0 12.9    Net $auto$alumacc.cc:474:replace_alu$840.C[3] budget 0.000000 ns (16,11) -> (16,11)
Info:                Sink $auto$alumacc.cc:474:replace_alu$840.slice[3].carry$CARRY.CIN
Info:                Defined in:
Info:                  nerv2.sv:233
Info:                  /usr/bin/../share/yosys/ice40/arith_map.v:43
Info:  0.1 13.0  Source $auto$alumacc.cc:474:replace_alu$840.slice[3].carry$CARRY.COUT
Info:  0.0 13.0    Net $auto$alumacc.cc:474:replace_alu$840.C[4] budget 0.000000 ns (16,11) -> (16,11)
Info:                Sink $auto$alumacc.cc:474:replace_alu$840.slice[4].carry$CARRY.CIN
Info:                Defined in:
Info:                  nerv2.sv:233
Info:                  /usr/bin/../share/yosys/ice40/arith_map.v:43
Info:  0.1 13.2  Source $auto$alumacc.cc:474:replace_alu$840.slice[4].carry$CARRY.COUT
Info:  0.0 13.2    Net $auto$alumacc.cc:474:replace_alu$840.C[5] budget 0.000000 ns (16,11) -> (16,11)
Info:                Sink $auto$alumacc.cc:474:replace_alu$840.slice[5].carry$CARRY.CIN
Info:                Defined in:
Info:                  nerv2.sv:233
Info:                  /usr/bin/../share/yosys/ice40/arith_map.v:43
Info:  0.1 13.3  Source $auto$alumacc.cc:474:replace_alu$840.slice[5].carry$CARRY.COUT
Info:  0.0 13.3    Net $auto$alumacc.cc:474:replace_alu$840.C[6] budget 0.000000 ns (16,11) -> (16,11)
Info:                Sink $auto$alumacc.cc:474:replace_alu$840.slice[6].carry$CARRY.CIN
Info:                Defined in:
Info:                  nerv2.sv:233
Info:                  /usr/bin/../share/yosys/ice40/arith_map.v:43
Info:  0.1 13.4  Source $auto$alumacc.cc:474:replace_alu$840.slice[6].carry$CARRY.COUT
Info:  0.0 13.4    Net $auto$alumacc.cc:474:replace_alu$840.C[7] budget 0.000000 ns (16,11) -> (16,11)
Info:                Sink $auto$alumacc.cc:474:replace_alu$840.slice[7].carry$CARRY.CIN
Info:                Defined in:
Info:                  nerv2.sv:233
Info:                  /usr/bin/../share/yosys/ice40/arith_map.v:43
Info:  0.1 13.5  Source $auto$alumacc.cc:474:replace_alu$840.slice[7].carry$CARRY.COUT
Info:  0.2 13.7    Net $auto$alumacc.cc:474:replace_alu$840.C[8] budget 0.190000 ns (16,11) -> (16,12)
Info:                Sink $auto$alumacc.cc:474:replace_alu$840.slice[8].carry$CARRY.CIN
Info:                Defined in:
Info:                  nerv2.sv:233
Info:                  /usr/bin/../share/yosys/ice40/arith_map.v:43
Info:  0.1 13.9  Source $auto$alumacc.cc:474:replace_alu$840.slice[8].carry$CARRY.COUT
Info:  0.0 13.9    Net $auto$alumacc.cc:474:replace_alu$840.C[9] budget 0.000000 ns (16,12) -> (16,12)
Info:                Sink $auto$alumacc.cc:474:replace_alu$840.slice[9].carry$CARRY.CIN
Info:                Defined in:
Info:                  nerv2.sv:233
Info:                  /usr/bin/../share/yosys/ice40/arith_map.v:43
Info:  0.1 14.0  Source $auto$alumacc.cc:474:replace_alu$840.slice[9].carry$CARRY.COUT
Info:  0.0 14.0    Net $auto$alumacc.cc:474:replace_alu$840.C[10] budget 0.000000 ns (16,12) -> (16,12)
Info:                Sink $auto$alumacc.cc:474:replace_alu$840.slice[10].carry$CARRY.CIN
Info:                Defined in:
Info:                  nerv2.sv:233
Info:                  /usr/bin/../share/yosys/ice40/arith_map.v:43
Info:  0.1 14.1  Source $auto$alumacc.cc:474:replace_alu$840.slice[10].carry$CARRY.COUT
Info:  0.0 14.1    Net $auto$alumacc.cc:474:replace_alu$840.C[11] budget 0.000000 ns (16,12) -> (16,12)
Info:                Sink $auto$alumacc.cc:474:replace_alu$840.slice[11].carry$CARRY.CIN
Info:                Defined in:
Info:                  nerv2.sv:233
Info:                  /usr/bin/../share/yosys/ice40/arith_map.v:43
Info:  0.1 14.2  Source $auto$alumacc.cc:474:replace_alu$840.slice[11].carry$CARRY.COUT
Info:  0.0 14.2    Net $auto$alumacc.cc:474:replace_alu$840.C[12] budget 0.000000 ns (16,12) -> (16,12)
Info:                Sink $auto$alumacc.cc:474:replace_alu$840.slice[12].carry$CARRY.CIN
Info:                Defined in:
Info:                  nerv2.sv:233
Info:                  /usr/bin/../share/yosys/ice40/arith_map.v:43
Info:  0.1 14.4  Source $auto$alumacc.cc:474:replace_alu$840.slice[12].carry$CARRY.COUT
Info:  0.0 14.4    Net $auto$alumacc.cc:474:replace_alu$840.C[13] budget 0.000000 ns (16,12) -> (16,12)
Info:                Sink $auto$alumacc.cc:474:replace_alu$840.slice[13].carry$CARRY.CIN
Info:                Defined in:
Info:                  nerv2.sv:233
Info:                  /usr/bin/../share/yosys/ice40/arith_map.v:43
Info:  0.1 14.5  Source $auto$alumacc.cc:474:replace_alu$840.slice[13].carry$CARRY.COUT
Info:  0.0 14.5    Net $auto$alumacc.cc:474:replace_alu$840.C[14] budget 0.000000 ns (16,12) -> (16,12)
Info:                Sink $auto$alumacc.cc:474:replace_alu$840.slice[14].carry$CARRY.CIN
Info:                Defined in:
Info:                  nerv2.sv:233
Info:                  /usr/bin/../share/yosys/ice40/arith_map.v:43
Info:  0.1 14.6  Source $auto$alumacc.cc:474:replace_alu$840.slice[14].carry$CARRY.COUT
Info:  0.0 14.6    Net $auto$alumacc.cc:474:replace_alu$840.C[15] budget 0.000000 ns (16,12) -> (16,12)
Info:                Sink $auto$alumacc.cc:474:replace_alu$840.slice[15].carry$CARRY.CIN
Info:                Defined in:
Info:                  nerv2.sv:233
Info:                  /usr/bin/../share/yosys/ice40/arith_map.v:43
Info:  0.1 14.7  Source $auto$alumacc.cc:474:replace_alu$840.slice[15].carry$CARRY.COUT
Info:  0.2 14.9    Net $auto$alumacc.cc:474:replace_alu$840.C[16] budget 0.190000 ns (16,12) -> (16,13)
Info:                Sink $auto$alumacc.cc:474:replace_alu$840.slice[16].carry$CARRY.CIN
Info:                Defined in:
Info:                  nerv2.sv:233
Info:                  /usr/bin/../share/yosys/ice40/arith_map.v:43
Info:  0.1 15.1  Source $auto$alumacc.cc:474:replace_alu$840.slice[16].carry$CARRY.COUT
Info:  0.0 15.1    Net $auto$alumacc.cc:474:replace_alu$840.C[17] budget 0.000000 ns (16,13) -> (16,13)
Info:                Sink $auto$alumacc.cc:474:replace_alu$840.slice[17].carry$CARRY.CIN
Info:                Defined in:
Info:                  nerv2.sv:233
Info:                  /usr/bin/../share/yosys/ice40/arith_map.v:43
Info:  0.1 15.2  Source $auto$alumacc.cc:474:replace_alu$840.slice[17].carry$CARRY.COUT
Info:  0.0 15.2    Net $auto$alumacc.cc:474:replace_alu$840.C[18] budget 0.000000 ns (16,13) -> (16,13)
Info:                Sink $auto$alumacc.cc:474:replace_alu$840.slice[18].carry$CARRY.CIN
Info:                Defined in:
Info:                  nerv2.sv:233
Info:                  /usr/bin/../share/yosys/ice40/arith_map.v:43
Info:  0.1 15.3  Source $auto$alumacc.cc:474:replace_alu$840.slice[18].carry$CARRY.COUT
Info:  0.0 15.3    Net $auto$alumacc.cc:474:replace_alu$840.C[19] budget 0.000000 ns (16,13) -> (16,13)
Info:                Sink $auto$alumacc.cc:474:replace_alu$840.slice[19].carry$CARRY.CIN
Info:                Defined in:
Info:                  nerv2.sv:233
Info:                  /usr/bin/../share/yosys/ice40/arith_map.v:43
Info:  0.1 15.4  Source $auto$alumacc.cc:474:replace_alu$840.slice[19].carry$CARRY.COUT
Info:  0.0 15.4    Net $auto$alumacc.cc:474:replace_alu$840.C[20] budget 0.000000 ns (16,13) -> (16,13)
Info:                Sink $auto$alumacc.cc:474:replace_alu$840.slice[20].carry$CARRY.CIN
Info:                Defined in:
Info:                  nerv2.sv:233
Info:                  /usr/bin/../share/yosys/ice40/arith_map.v:43
Info:  0.1 15.6  Source $auto$alumacc.cc:474:replace_alu$840.slice[20].carry$CARRY.COUT
Info:  0.0 15.6    Net $auto$alumacc.cc:474:replace_alu$840.C[21] budget 0.000000 ns (16,13) -> (16,13)
Info:                Sink $auto$alumacc.cc:474:replace_alu$840.slice[21].carry$CARRY.CIN
Info:                Defined in:
Info:                  nerv2.sv:233
Info:                  /usr/bin/../share/yosys/ice40/arith_map.v:43
Info:  0.1 15.7  Source $auto$alumacc.cc:474:replace_alu$840.slice[21].carry$CARRY.COUT
Info:  0.0 15.7    Net $auto$alumacc.cc:474:replace_alu$840.C[22] budget 0.000000 ns (16,13) -> (16,13)
Info:                Sink $auto$alumacc.cc:474:replace_alu$840.slice[22].carry$CARRY.CIN
Info:                Defined in:
Info:                  nerv2.sv:233
Info:                  /usr/bin/../share/yosys/ice40/arith_map.v:43
Info:  0.1 15.8  Source $auto$alumacc.cc:474:replace_alu$840.slice[22].carry$CARRY.COUT
Info:  0.0 15.8    Net $auto$alumacc.cc:474:replace_alu$840.C[23] budget 0.000000 ns (16,13) -> (16,13)
Info:                Sink $auto$alumacc.cc:474:replace_alu$840.slice[23].carry$CARRY.CIN
Info:                Defined in:
Info:                  nerv2.sv:233
Info:                  /usr/bin/../share/yosys/ice40/arith_map.v:43
Info:  0.1 15.9  Source $auto$alumacc.cc:474:replace_alu$840.slice[23].carry$CARRY.COUT
Info:  0.2 16.1    Net $auto$alumacc.cc:474:replace_alu$840.C[24] budget 0.190000 ns (16,13) -> (16,14)
Info:                Sink $auto$alumacc.cc:474:replace_alu$840.slice[24].carry$CARRY.CIN
Info:                Defined in:
Info:                  nerv2.sv:233
Info:                  /usr/bin/../share/yosys/ice40/arith_map.v:43
Info:  0.1 16.3  Source $auto$alumacc.cc:474:replace_alu$840.slice[24].carry$CARRY.COUT
Info:  0.0 16.3    Net $auto$alumacc.cc:474:replace_alu$840.C[25] budget 0.000000 ns (16,14) -> (16,14)
Info:                Sink $auto$alumacc.cc:474:replace_alu$840.slice[25].carry$CARRY.CIN
Info:                Defined in:
Info:                  nerv2.sv:233
Info:                  /usr/bin/../share/yosys/ice40/arith_map.v:43
Info:  0.1 16.4  Source $auto$alumacc.cc:474:replace_alu$840.slice[25].carry$CARRY.COUT
Info:  0.0 16.4    Net $auto$alumacc.cc:474:replace_alu$840.C[26] budget 0.000000 ns (16,14) -> (16,14)
Info:                Sink $auto$alumacc.cc:474:replace_alu$840.slice[26].carry$CARRY.CIN
Info:                Defined in:
Info:                  nerv2.sv:233
Info:                  /usr/bin/../share/yosys/ice40/arith_map.v:43
Info:  0.1 16.5  Source $auto$alumacc.cc:474:replace_alu$840.slice[26].carry$CARRY.COUT
Info:  0.0 16.5    Net $auto$alumacc.cc:474:replace_alu$840.C[27] budget 0.000000 ns (16,14) -> (16,14)
Info:                Sink $auto$alumacc.cc:474:replace_alu$840.slice[27].carry$CARRY.CIN
Info:                Defined in:
Info:                  nerv2.sv:233
Info:                  /usr/bin/../share/yosys/ice40/arith_map.v:43
Info:  0.1 16.6  Source $auto$alumacc.cc:474:replace_alu$840.slice[27].carry$CARRY.COUT
Info:  0.0 16.6    Net $auto$alumacc.cc:474:replace_alu$840.C[28] budget 0.000000 ns (16,14) -> (16,14)
Info:                Sink $auto$alumacc.cc:474:replace_alu$840.slice[28].carry$CARRY.CIN
Info:                Defined in:
Info:                  nerv2.sv:233
Info:                  /usr/bin/../share/yosys/ice40/arith_map.v:43
Info:  0.1 16.8  Source $auto$alumacc.cc:474:replace_alu$840.slice[28].carry$CARRY.COUT
Info:  0.0 16.8    Net $auto$alumacc.cc:474:replace_alu$840.C[29] budget 0.000000 ns (16,14) -> (16,14)
Info:                Sink $auto$alumacc.cc:474:replace_alu$840.slice[29].carry$CARRY.CIN
Info:                Defined in:
Info:                  nerv2.sv:233
Info:                  /usr/bin/../share/yosys/ice40/arith_map.v:43
Info:  0.1 16.9  Source $auto$alumacc.cc:474:replace_alu$840.slice[29].carry$CARRY.COUT
Info:  0.0 16.9    Net $auto$alumacc.cc:474:replace_alu$840.C[30] budget 0.000000 ns (16,14) -> (16,14)
Info:                Sink $auto$alumacc.cc:474:replace_alu$840.slice[30].carry$CARRY.CIN
Info:                Defined in:
Info:                  nerv2.sv:233
Info:                  /usr/bin/../share/yosys/ice40/arith_map.v:43
Info:  0.1 17.0  Source $auto$alumacc.cc:474:replace_alu$840.slice[30].carry$CARRY.COUT
Info:  0.3 17.3    Net $nextpnr_ICESTORM_LC_3$I3 budget 0.260000 ns (16,14) -> (16,14)
Info:                Sink $nextpnr_ICESTORM_LC_3.I3
Info:  0.3 17.6  Source $nextpnr_ICESTORM_LC_3.O
Info:  0.6 18.2    Net $auto$alumacc.cc:474:replace_alu$840.C[31] budget 36.477001 ns (16,14) -> (16,15)
Info:                Sink $abc$22909$auto$blifparse.cc:492:parse_blif$25262_LC.I1
Info:                Defined in:
Info:                  nerv2.sv:233
Info:                  /usr/bin/../share/yosys/ice40/arith_map.v:43
Info:  0.4 18.6  Source $abc$22909$auto$blifparse.cc:492:parse_blif$25262_LC.O
Info:  0.6 19.2    Net $abc$22909$auto$rtlil.cc:1864:Xor$846_new_ budget 5.211000 ns (16,15) -> (15,16)
Info:                Sink $abc$22909$auto$blifparse.cc:492:parse_blif$25245_LC.I3
Info:  0.3 19.5  Source $abc$22909$auto$blifparse.cc:492:parse_blif$25245_LC.O
Info:  1.0 20.4    Net $abc$22909$auto$rtlil.cc:1832:Not$854_new_ budget 5.211000 ns (15,16) -> (15,17)
Info:                Sink $abc$22909$auto$blifparse.cc:492:parse_blif$25306_LC.I2
Info:  0.4 20.8  Source $abc$22909$auto$blifparse.cc:492:parse_blif$25306_LC.O
Info:  3.1 24.0    Net $abc$22909$new_n4581_ budget 5.216000 ns (15,17) -> (13,3)
Info:                Sink $abc$22909$auto$blifparse.cc:492:parse_blif$25506_LC.I1
Info:  0.4 24.4  Source $abc$22909$auto$blifparse.cc:492:parse_blif$25506_LC.O
Info:  0.6 24.9    Net $abc$22909$new_n4792_ budget 5.216000 ns (13,3) -> (12,2)
Info:                Sink $abc$22909$auto$blifparse.cc:492:parse_blif$25505_LC.I0
Info:  0.4 25.4  Source $abc$22909$auto$blifparse.cc:492:parse_blif$25505_LC.O
Info:  0.6 26.0    Net $abc$22909$procmux$643.B_AND_S[7]_new_ budget 5.216000 ns (12,2) -> (11,2)
Info:                Sink $abc$22909$auto$blifparse.cc:492:parse_blif$26070_LC.I1
Info:                Defined in:
Info:                  nerv2.sv:228
Info:                  nerv2.sv:191
Info:                  /usr/bin/../share/yosys/techmap.v:432
Info:  0.4 26.4  Source $abc$22909$auto$blifparse.cc:492:parse_blif$26070_LC.O
Info:  0.6 27.0    Net $abc$22909$npc[7]_new_ budget 5.215000 ns (11,2) -> (10,3)
Info:                Sink $abc$22909$auto$blifparse.cc:492:parse_blif$25504_LC.I1
Info:                Defined in:
Info:                  nerv2.sv:73
Info:  0.4 27.4  Source $abc$22909$auto$blifparse.cc:492:parse_blif$25504_LC.O
Info:  1.3 28.6    Net imem_addr[7]$SB_IO_OUT budget 5.215000 ns (10,3) -> (7,5)
Info:                Sink $auto$simplemap.cc:420:simplemap_dff$9259_DFFLC.I0
Info:                Defined in:
Info:                  nerv2.sv:30
Info:  0.5 29.1  Setup $auto$simplemap.cc:420:simplemap_dff$9259_DFFLC.I0
Info: 9.2 ns logic, 19.9 ns routing

Info: Critical path report for cross-domain path 'posedge clock$SB_IO_IN_$glb_clk' -> '<async>':
Info: curr total
Info:  0.5  0.5  Source $auto$simplemap.cc:420:simplemap_dff$5609_DFFLC.O
Info:  1.3  1.8    Net regfile[9][7] budget 0.000000 ns (6,4) -> (3,6)
Info:                Sink $abc$22909$auto$blifparse.cc:492:parse_blif$25841_LC.I0
Info:  0.4  2.3  Source $abc$22909$auto$blifparse.cc:492:parse_blif$25841_LC.O
Info:  0.6  2.8    Net $abc$22909$new_n5220_ budget 0.000000 ns (3,6) -> (2,5)
Info:                Sink $abc$22909$auto$blifparse.cc:492:parse_blif$25842_LC.I3
Info:  0.3  3.2  Source $abc$22909$auto$blifparse.cc:492:parse_blif$25842_LC.O
Info:  1.0  4.1    Net $abc$22909$new_n5221_ budget 0.000000 ns (2,5) -> (3,4)
Info:                Sink $abc$22909$auto$blifparse.cc:492:parse_blif$25840_LC.I0
Info:  0.4  4.6  Source $abc$22909$auto$blifparse.cc:492:parse_blif$25840_LC.O
Info:  0.6  5.2    Net $abc$22909$new_n5219_ budget 0.000000 ns (3,4) -> (3,4)
Info:                Sink $abc$22909$auto$blifparse.cc:492:parse_blif$23012_LC.I2
Info:  0.4  5.5  Source $abc$22909$auto$blifparse.cc:492:parse_blif$23012_LC.O
Info:  0.6  6.1    Net $abc$22909$new_n1942_ budget 0.000000 ns (3,4) -> (3,3)
Info:                Sink $abc$22909$auto$blifparse.cc:492:parse_blif$23011_LC.I3
Info:  0.3  6.4  Source $abc$22909$auto$blifparse.cc:492:parse_blif$23011_LC.O
Info:  2.6  9.0    Net rs1_value[7] budget 0.000000 ns (3,3) -> (15,11)
Info:                Sink $abc$22909$auto$blifparse.cc:492:parse_blif$25774_LC.I0
Info:                Defined in:
Info:                  nerv2.sv:90
Info:  0.4  9.5  Source $abc$22909$auto$blifparse.cc:492:parse_blif$25774_LC.O
Info:  0.6 10.1    Net $abc$22909$auto$alumacc.cc:474:replace_alu$789.BB[7] budget 0.000000 ns (15,11) -> (16,11)
Info:                Sink $auto$alumacc.cc:474:replace_alu$840.slice[7].carry$CARRY.I2
Info:                Defined in:
Info:                  nerv2.sv:287
Info:                  /usr/bin/../share/yosys/ice40/arith_map.v:42
Info:  0.2 10.3  Source $auto$alumacc.cc:474:replace_alu$840.slice[7].carry$CARRY.COUT
Info:  0.2 10.5    Net $auto$alumacc.cc:474:replace_alu$840.C[8] budget 0.190000 ns (16,11) -> (16,12)
Info:                Sink $auto$alumacc.cc:474:replace_alu$840.slice[8].carry$CARRY.CIN
Info:                Defined in:
Info:                  nerv2.sv:233
Info:                  /usr/bin/../share/yosys/ice40/arith_map.v:43
Info:  0.1 10.6  Source $auto$alumacc.cc:474:replace_alu$840.slice[8].carry$CARRY.COUT
Info:  0.0 10.6    Net $auto$alumacc.cc:474:replace_alu$840.C[9] budget 0.000000 ns (16,12) -> (16,12)
Info:                Sink $auto$alumacc.cc:474:replace_alu$840.slice[9].carry$CARRY.CIN
Info:                Defined in:
Info:                  nerv2.sv:233
Info:                  /usr/bin/../share/yosys/ice40/arith_map.v:43
Info:  0.1 10.7  Source $auto$alumacc.cc:474:replace_alu$840.slice[9].carry$CARRY.COUT
Info:  0.0 10.7    Net $auto$alumacc.cc:474:replace_alu$840.C[10] budget 0.000000 ns (16,12) -> (16,12)
Info:                Sink $auto$alumacc.cc:474:replace_alu$840.slice[10].carry$CARRY.CIN
Info:                Defined in:
Info:                  nerv2.sv:233
Info:                  /usr/bin/../share/yosys/ice40/arith_map.v:43
Info:  0.1 10.9  Source $auto$alumacc.cc:474:replace_alu$840.slice[10].carry$CARRY.COUT
Info:  0.0 10.9    Net $auto$alumacc.cc:474:replace_alu$840.C[11] budget 0.000000 ns (16,12) -> (16,12)
Info:                Sink $auto$alumacc.cc:474:replace_alu$840.slice[11].carry$CARRY.CIN
Info:                Defined in:
Info:                  nerv2.sv:233
Info:                  /usr/bin/../share/yosys/ice40/arith_map.v:43
Info:  0.1 11.0  Source $auto$alumacc.cc:474:replace_alu$840.slice[11].carry$CARRY.COUT
Info:  0.0 11.0    Net $auto$alumacc.cc:474:replace_alu$840.C[12] budget 0.000000 ns (16,12) -> (16,12)
Info:                Sink $auto$alumacc.cc:474:replace_alu$840.slice[12].carry$CARRY.CIN
Info:                Defined in:
Info:                  nerv2.sv:233
Info:                  /usr/bin/../share/yosys/ice40/arith_map.v:43
Info:  0.1 11.1  Source $auto$alumacc.cc:474:replace_alu$840.slice[12].carry$CARRY.COUT
Info:  0.0 11.1    Net $auto$alumacc.cc:474:replace_alu$840.C[13] budget 0.000000 ns (16,12) -> (16,12)
Info:                Sink $auto$alumacc.cc:474:replace_alu$840.slice[13].carry$CARRY.CIN
Info:                Defined in:
Info:                  nerv2.sv:233
Info:                  /usr/bin/../share/yosys/ice40/arith_map.v:43
Info:  0.1 11.2  Source $auto$alumacc.cc:474:replace_alu$840.slice[13].carry$CARRY.COUT
Info:  0.0 11.2    Net $auto$alumacc.cc:474:replace_alu$840.C[14] budget 0.000000 ns (16,12) -> (16,12)
Info:                Sink $auto$alumacc.cc:474:replace_alu$840.slice[14].carry$CARRY.CIN
Info:                Defined in:
Info:                  nerv2.sv:233
Info:                  /usr/bin/../share/yosys/ice40/arith_map.v:43
Info:  0.1 11.4  Source $auto$alumacc.cc:474:replace_alu$840.slice[14].carry$CARRY.COUT
Info:  0.0 11.4    Net $auto$alumacc.cc:474:replace_alu$840.C[15] budget 0.000000 ns (16,12) -> (16,12)
Info:                Sink $auto$alumacc.cc:474:replace_alu$840.slice[15].carry$CARRY.CIN
Info:                Defined in:
Info:                  nerv2.sv:233
Info:                  /usr/bin/../share/yosys/ice40/arith_map.v:43
Info:  0.1 11.5  Source $auto$alumacc.cc:474:replace_alu$840.slice[15].carry$CARRY.COUT
Info:  0.2 11.7    Net $auto$alumacc.cc:474:replace_alu$840.C[16] budget 0.190000 ns (16,12) -> (16,13)
Info:                Sink $auto$alumacc.cc:474:replace_alu$840.slice[16].carry$CARRY.CIN
Info:                Defined in:
Info:                  nerv2.sv:233
Info:                  /usr/bin/../share/yosys/ice40/arith_map.v:43
Info:  0.1 11.8  Source $auto$alumacc.cc:474:replace_alu$840.slice[16].carry$CARRY.COUT
Info:  0.0 11.8    Net $auto$alumacc.cc:474:replace_alu$840.C[17] budget 0.000000 ns (16,13) -> (16,13)
Info:                Sink $auto$alumacc.cc:474:replace_alu$840.slice[17].carry$CARRY.CIN
Info:                Defined in:
Info:                  nerv2.sv:233
Info:                  /usr/bin/../share/yosys/ice40/arith_map.v:43
Info:  0.1 11.9  Source $auto$alumacc.cc:474:replace_alu$840.slice[17].carry$CARRY.COUT
Info:  0.0 11.9    Net $auto$alumacc.cc:474:replace_alu$840.C[18] budget 0.000000 ns (16,13) -> (16,13)
Info:                Sink $auto$alumacc.cc:474:replace_alu$840.slice[18].carry$CARRY.CIN
Info:                Defined in:
Info:                  nerv2.sv:233
Info:                  /usr/bin/../share/yosys/ice40/arith_map.v:43
Info:  0.1 12.1  Source $auto$alumacc.cc:474:replace_alu$840.slice[18].carry$CARRY.COUT
Info:  0.0 12.1    Net $auto$alumacc.cc:474:replace_alu$840.C[19] budget 0.000000 ns (16,13) -> (16,13)
Info:                Sink $auto$alumacc.cc:474:replace_alu$840.slice[19].carry$CARRY.CIN
Info:                Defined in:
Info:                  nerv2.sv:233
Info:                  /usr/bin/../share/yosys/ice40/arith_map.v:43
Info:  0.1 12.2  Source $auto$alumacc.cc:474:replace_alu$840.slice[19].carry$CARRY.COUT
Info:  0.0 12.2    Net $auto$alumacc.cc:474:replace_alu$840.C[20] budget 0.000000 ns (16,13) -> (16,13)
Info:                Sink $auto$alumacc.cc:474:replace_alu$840.slice[20].carry$CARRY.CIN
Info:                Defined in:
Info:                  nerv2.sv:233
Info:                  /usr/bin/../share/yosys/ice40/arith_map.v:43
Info:  0.1 12.3  Source $auto$alumacc.cc:474:replace_alu$840.slice[20].carry$CARRY.COUT
Info:  0.0 12.3    Net $auto$alumacc.cc:474:replace_alu$840.C[21] budget 0.000000 ns (16,13) -> (16,13)
Info:                Sink $auto$alumacc.cc:474:replace_alu$840.slice[21].carry$CARRY.CIN
Info:                Defined in:
Info:                  nerv2.sv:233
Info:                  /usr/bin/../share/yosys/ice40/arith_map.v:43
Info:  0.1 12.5  Source $auto$alumacc.cc:474:replace_alu$840.slice[21].carry$CARRY.COUT
Info:  0.0 12.5    Net $auto$alumacc.cc:474:replace_alu$840.C[22] budget 0.000000 ns (16,13) -> (16,13)
Info:                Sink $auto$alumacc.cc:474:replace_alu$840.slice[22].carry$CARRY.CIN
Info:                Defined in:
Info:                  nerv2.sv:233
Info:                  /usr/bin/../share/yosys/ice40/arith_map.v:43
Info:  0.1 12.6  Source $auto$alumacc.cc:474:replace_alu$840.slice[22].carry$CARRY.COUT
Info:  0.0 12.6    Net $auto$alumacc.cc:474:replace_alu$840.C[23] budget 0.000000 ns (16,13) -> (16,13)
Info:                Sink $auto$alumacc.cc:474:replace_alu$840.slice[23].carry$CARRY.CIN
Info:                Defined in:
Info:                  nerv2.sv:233
Info:                  /usr/bin/../share/yosys/ice40/arith_map.v:43
Info:  0.1 12.7  Source $auto$alumacc.cc:474:replace_alu$840.slice[23].carry$CARRY.COUT
Info:  0.2 12.9    Net $auto$alumacc.cc:474:replace_alu$840.C[24] budget 0.190000 ns (16,13) -> (16,14)
Info:                Sink $auto$alumacc.cc:474:replace_alu$840.slice[24].carry$CARRY.CIN
Info:                Defined in:
Info:                  nerv2.sv:233
Info:                  /usr/bin/../share/yosys/ice40/arith_map.v:43
Info:  0.1 13.0  Source $auto$alumacc.cc:474:replace_alu$840.slice[24].carry$CARRY.COUT
Info:  0.0 13.0    Net $auto$alumacc.cc:474:replace_alu$840.C[25] budget 0.000000 ns (16,14) -> (16,14)
Info:                Sink $auto$alumacc.cc:474:replace_alu$840.slice[25].carry$CARRY.CIN
Info:                Defined in:
Info:                  nerv2.sv:233
Info:                  /usr/bin/../share/yosys/ice40/arith_map.v:43
Info:  0.1 13.2  Source $auto$alumacc.cc:474:replace_alu$840.slice[25].carry$CARRY.COUT
Info:  0.0 13.2    Net $auto$alumacc.cc:474:replace_alu$840.C[26] budget 0.000000 ns (16,14) -> (16,14)
Info:                Sink $auto$alumacc.cc:474:replace_alu$840.slice[26].carry$CARRY.CIN
Info:                Defined in:
Info:                  nerv2.sv:233
Info:                  /usr/bin/../share/yosys/ice40/arith_map.v:43
Info:  0.1 13.3  Source $auto$alumacc.cc:474:replace_alu$840.slice[26].carry$CARRY.COUT
Info:  0.0 13.3    Net $auto$alumacc.cc:474:replace_alu$840.C[27] budget 0.000000 ns (16,14) -> (16,14)
Info:                Sink $auto$alumacc.cc:474:replace_alu$840.slice[27].carry$CARRY.CIN
Info:                Defined in:
Info:                  nerv2.sv:233
Info:                  /usr/bin/../share/yosys/ice40/arith_map.v:43
Info:  0.1 13.4  Source $auto$alumacc.cc:474:replace_alu$840.slice[27].carry$CARRY.COUT
Info:  0.0 13.4    Net $auto$alumacc.cc:474:replace_alu$840.C[28] budget 0.000000 ns (16,14) -> (16,14)
Info:                Sink $auto$alumacc.cc:474:replace_alu$840.slice[28].carry$CARRY.CIN
Info:                Defined in:
Info:                  nerv2.sv:233
Info:                  /usr/bin/../share/yosys/ice40/arith_map.v:43
Info:  0.1 13.5  Source $auto$alumacc.cc:474:replace_alu$840.slice[28].carry$CARRY.COUT
Info:  0.0 13.5    Net $auto$alumacc.cc:474:replace_alu$840.C[29] budget 0.000000 ns (16,14) -> (16,14)
Info:                Sink $auto$alumacc.cc:474:replace_alu$840.slice[29].carry$CARRY.CIN
Info:                Defined in:
Info:                  nerv2.sv:233
Info:                  /usr/bin/../share/yosys/ice40/arith_map.v:43
Info:  0.1 13.7  Source $auto$alumacc.cc:474:replace_alu$840.slice[29].carry$CARRY.COUT
Info:  0.0 13.7    Net $auto$alumacc.cc:474:replace_alu$840.C[30] budget 0.000000 ns (16,14) -> (16,14)
Info:                Sink $auto$alumacc.cc:474:replace_alu$840.slice[30].carry$CARRY.CIN
Info:                Defined in:
Info:                  nerv2.sv:233
Info:                  /usr/bin/../share/yosys/ice40/arith_map.v:43
Info:  0.1 13.8  Source $auto$alumacc.cc:474:replace_alu$840.slice[30].carry$CARRY.COUT
Info:  0.3 14.0    Net $nextpnr_ICESTORM_LC_3$I3 budget 0.260000 ns (16,14) -> (16,14)
Info:                Sink $nextpnr_ICESTORM_LC_3.I3
Info:  0.3 14.4  Source $nextpnr_ICESTORM_LC_3.O
Info:  0.6 14.9    Net $auto$alumacc.cc:474:replace_alu$840.C[31] budget 36.477001 ns (16,14) -> (16,15)
Info:                Sink $abc$22909$auto$blifparse.cc:492:parse_blif$25262_LC.I1
Info:                Defined in:
Info:                  nerv2.sv:233
Info:                  /usr/bin/../share/yosys/ice40/arith_map.v:43
Info:  0.4 15.3  Source $abc$22909$auto$blifparse.cc:492:parse_blif$25262_LC.O
Info:  0.6 15.9    Net $abc$22909$auto$rtlil.cc:1864:Xor$846_new_ budget 5.211000 ns (16,15) -> (15,16)
Info:                Sink $abc$22909$auto$blifparse.cc:492:parse_blif$25245_LC.I3
Info:  0.3 16.2  Source $abc$22909$auto$blifparse.cc:492:parse_blif$25245_LC.O
Info:  1.0 17.2    Net $abc$22909$auto$rtlil.cc:1832:Not$854_new_ budget 5.211000 ns (15,16) -> (15,17)
Info:                Sink $abc$22909$auto$blifparse.cc:492:parse_blif$25306_LC.I2
Info:  0.4 17.6  Source $abc$22909$auto$blifparse.cc:492:parse_blif$25306_LC.O
Info:  0.6 18.2    Net $abc$22909$new_n4581_ budget 5.211000 ns (15,17) -> (15,17)
Info:                Sink $abc$22909$auto$blifparse.cc:492:parse_blif$25472_LC.I0
Info:  0.4 18.6  Source $abc$22909$auto$blifparse.cc:492:parse_blif$25472_LC.O
Info:  2.4 21.1    Net $abc$22909$new_n4752_ budget 5.217000 ns (15,17) -> (11,3)
Info:                Sink $abc$22909$auto$blifparse.cc:492:parse_blif$25482_LC.I2
Info:  0.4 21.4  Source $abc$22909$auto$blifparse.cc:492:parse_blif$25482_LC.O
Info:  0.6 22.0    Net $abc$22909$procmux$643.B_AND_S[4]_new_ budget 5.217000 ns (11,3) -> (11,3)
Info:                Sink $abc$22909$auto$blifparse.cc:492:parse_blif$25481_LC.I1
Info:                Defined in:
Info:                  nerv2.sv:228
Info:                  nerv2.sv:191
Info:                  /usr/bin/../share/yosys/techmap.v:432
Info:  0.4 22.4  Source $abc$22909$auto$blifparse.cc:492:parse_blif$25481_LC.O
Info:  1.6 24.1    Net $abc$22909$npc[4]_new_ budget 5.217000 ns (11,3) -> (6,4)
Info:                Sink $abc$22909$auto$blifparse.cc:492:parse_blif$25480_LC.I1
Info:                Defined in:
Info:                  nerv2.sv:73
Info:  0.4 24.5  Source $abc$22909$auto$blifparse.cc:492:parse_blif$25480_LC.O
Info:  1.1 25.6    Net imem_addr[4]$SB_IO_OUT budget 5.250000 ns (6,4) -> (6,0)
Info:                Sink imem_addr[4]$sb_io.D_OUT_0
Info:                Defined in:
Info:                  nerv2.sv:30
Info: 9.1 ns logic, 16.5 ns routing

Info: Max frequency for clock 'clock$SB_IO_IN_$glb_clk': 38.66 MHz (PASS at 12.00 MHz)

Info: Max delay <async>                         -> <async>                        : 28.83 ns
Info: Max delay <async>                         -> posedge clock$SB_IO_IN_$glb_clk: 29.11 ns
Info: Max delay posedge clock$SB_IO_IN_$glb_clk -> <async>                        : 25.59 ns

Info: Slack histogram:
Info:  legend: * represents 19 endpoint(s)
Info:          + represents [1,19) endpoint(s)
Info: [ 54226,  55611) |+
Info: [ 55611,  56996) |**+
Info: [ 56996,  58381) |*+
Info: [ 58381,  59766) |***+
Info: [ 59766,  61151) |***+
Info: [ 61151,  62536) |**+
Info: [ 62536,  63921) |**+
Info: [ 63921,  65306) |***+
Info: [ 65306,  66691) |*+
Info: [ 66691,  68076) |********+
Info: [ 68076,  69461) |******************************************************+
Info: [ 69461,  70846) |*****************************************+
Info: [ 70846,  72231) |******************+
Info: [ 72231,  73616) |************************************************************ 
Info: [ 73616,  75001) |******************************+
Info: [ 75001,  76386) |*******+
Info: [ 76386,  77771) |**+
Info: [ 77771,  79156) |+
Info: [ 79156,  80541) |+
Info: [ 80541,  81926) |*+
169 warnings, 0 errors

Info: Program finished normally.
